<?xml version="1.0" encoding="UTF-8"?>
<testsuites>
  <testsuite name="" tests="113" assertions="428" errors="0" warnings="0" failures="0" skipped="0" time="3.805676">
    <testsuite name="Project Test Suite" tests="113" assertions="428" errors="0" warnings="0" failures="0" skipped="0" time="3.805676">
      <testsuite name="App\Tests\Card\CardGraphicTest" file="/Users/dannipham/dbwebb-kurser/mvc/me/report/tests/Card/CardGraphicTest.php" tests="2" assertions="4" errors="0" warnings="0" failures="0" skipped="0" time="0.009725">
        <testcase name="testGetSvgUrl" class="App\Tests\Card\CardGraphicTest" classname="App.Tests.Card.CardGraphicTest" file="/Users/dannipham/dbwebb-kurser/mvc/me/report/tests/Card/CardGraphicTest.php" line="16" assertions="2" time="0.009315"/>
        <testcase name="testGetAsString" class="App\Tests\Card\CardGraphicTest" classname="App.Tests.Card.CardGraphicTest" file="/Users/dannipham/dbwebb-kurser/mvc/me/report/tests/Card/CardGraphicTest.php" line="28" assertions="2" time="0.000409"/>
      </testsuite>
      <testsuite name="App\Tests\Card\CardHandTest" file="/Users/dannipham/dbwebb-kurser/mvc/me/report/tests/Card/CardHandTest.php" tests="4" assertions="6" errors="0" warnings="0" failures="0" skipped="0" time="0.003485">
        <testcase name="testAddCardAndGetCards" class="App\Tests\Card\CardHandTest" classname="App.Tests.Card.CardHandTest" file="/Users/dannipham/dbwebb-kurser/mvc/me/report/tests/Card/CardHandTest.php" line="17" assertions="2" time="0.001711"/>
        <testcase name="testToArray" class="App\Tests\Card\CardHandTest" classname="App.Tests.Card.CardHandTest" file="/Users/dannipham/dbwebb-kurser/mvc/me/report/tests/Card/CardHandTest.php" line="29" assertions="1" time="0.000442"/>
        <testcase name="testFromArray" class="App\Tests\Card\CardHandTest" classname="App.Tests.Card.CardHandTest" file="/Users/dannipham/dbwebb-kurser/mvc/me/report/tests/Card/CardHandTest.php" line="41" assertions="2" time="0.000398"/>
        <testcase name="testEmptyHand" class="App\Tests\Card\CardHandTest" classname="App.Tests.Card.CardHandTest" file="/Users/dannipham/dbwebb-kurser/mvc/me/report/tests/Card/CardHandTest.php" line="52" assertions="1" time="0.000934"/>
      </testsuite>
      <testsuite name="App\Tests\Card\CardTest" file="/Users/dannipham/dbwebb-kurser/mvc/me/report/tests/Card/CardTest.php" tests="3" assertions="6" errors="0" warnings="0" failures="0" skipped="0" time="0.001111">
        <testcase name="testConstructAndGetters" class="App\Tests\Card\CardTest" classname="App.Tests.Card.CardTest" file="/Users/dannipham/dbwebb-kurser/mvc/me/report/tests/Card/CardTest.php" line="16" assertions="3" time="0.000393"/>
        <testcase name="testToArray" class="App\Tests\Card\CardTest" classname="App.Tests.Card.CardTest" file="/Users/dannipham/dbwebb-kurser/mvc/me/report/tests/Card/CardTest.php" line="27" assertions="1" time="0.000356"/>
        <testcase name="testFromArray" class="App\Tests\Card\CardTest" classname="App.Tests.Card.CardTest" file="/Users/dannipham/dbwebb-kurser/mvc/me/report/tests/Card/CardTest.php" line="37" assertions="2" time="0.000362"/>
      </testsuite>
      <testsuite name="App\Tests\Card\DeckOfCardsTest" file="/Users/dannipham/dbwebb-kurser/mvc/me/report/tests/Card/DeckOfCardsTest.php" tests="7" assertions="11" errors="0" warnings="0" failures="0" skipped="0" time="0.026988">
        <testcase name="testConstruct" class="App\Tests\Card\DeckOfCardsTest" classname="App.Tests.Card.DeckOfCardsTest" file="/Users/dannipham/dbwebb-kurser/mvc/me/report/tests/Card/DeckOfCardsTest.php" line="16" assertions="1" time="0.002329"/>
        <testcase name="testDraw" class="App\Tests\Card\DeckOfCardsTest" classname="App.Tests.Card.DeckOfCardsTest" file="/Users/dannipham/dbwebb-kurser/mvc/me/report/tests/Card/DeckOfCardsTest.php" line="25" assertions="2" time="0.000577"/>
        <testcase name="testDrawTooManyCards" class="App\Tests\Card\DeckOfCardsTest" classname="App.Tests.Card.DeckOfCardsTest" file="/Users/dannipham/dbwebb-kurser/mvc/me/report/tests/Card/DeckOfCardsTest.php" line="36" assertions="1" time="0.001779"/>
        <testcase name="testShuffle" class="App\Tests\Card\DeckOfCardsTest" classname="App.Tests.Card.DeckOfCardsTest" file="/Users/dannipham/dbwebb-kurser/mvc/me/report/tests/Card/DeckOfCardsTest.php" line="46" assertions="2" time="0.017372"/>
        <testcase name="testGetSortedCards" class="App\Tests\Card\DeckOfCardsTest" classname="App.Tests.Card.DeckOfCardsTest" file="/Users/dannipham/dbwebb-kurser/mvc/me/report/tests/Card/DeckOfCardsTest.php" line="59" assertions="2" time="0.003680"/>
        <testcase name="testToArrayAndFromArray" class="App\Tests\Card\DeckOfCardsTest" classname="App.Tests.Card.DeckOfCardsTest" file="/Users/dannipham/dbwebb-kurser/mvc/me/report/tests/Card/DeckOfCardsTest.php" line="71" assertions="1" time="0.000795"/>
        <testcase name="testGetCardCount" class="App\Tests\Card\DeckOfCardsTest" classname="App.Tests.Card.DeckOfCardsTest" file="/Users/dannipham/dbwebb-kurser/mvc/me/report/tests/Card/DeckOfCardsTest.php" line="82" assertions="2" time="0.000456"/>
      </testsuite>
      <testsuite name="App\Tests\Card\Game21Test" file="/Users/dannipham/dbwebb-kurser/mvc/me/report/tests/Card/Game21Test.php" tests="7" assertions="22" errors="0" warnings="0" failures="0" skipped="0" time="0.007582">
        <testcase name="testConstruct" class="App\Tests\Card\Game21Test" classname="App.Tests.Card.Game21Test" file="/Users/dannipham/dbwebb-kurser/mvc/me/report/tests/Card/Game21Test.php" line="11" assertions="7" time="0.003234"/>
        <testcase name="testDealInitialCard" class="App\Tests\Card\Game21Test" classname="App.Tests.Card.Game21Test" file="/Users/dannipham/dbwebb-kurser/mvc/me/report/tests/Card/Game21Test.php" line="23" assertions="2" time="0.000577"/>
        <testcase name="testPlaceBet" class="App\Tests\Card\Game21Test" classname="App.Tests.Card.Game21Test" file="/Users/dannipham/dbwebb-kurser/mvc/me/report/tests/Card/Game21Test.php" line="31" assertions="5" time="0.000534"/>
        <testcase name="testPlaceBetInvalid" class="App\Tests\Card\Game21Test" classname="App.Tests.Card.Game21Test" file="/Users/dannipham/dbwebb-kurser/mvc/me/report/tests/Card/Game21Test.php" line="42" assertions="1" time="0.000491"/>
        <testcase name="testPlayerDrawBust" class="App\Tests\Card\Game21Test" classname="App.Tests.Card.Game21Test" file="/Users/dannipham/dbwebb-kurser/mvc/me/report/tests/Card/Game21Test.php" line="49" assertions="2" time="0.000607"/>
        <testcase name="testPlayerDrawTo21" class="App\Tests\Card\Game21Test" classname="App.Tests.Card.Game21Test" file="/Users/dannipham/dbwebb-kurser/mvc/me/report/tests/Card/Game21Test.php" line="67" assertions="1" time="0.000598"/>
        <testcase name="testPlayerStandAndBankPlay" class="App\Tests\Card\Game21Test" classname="App.Tests.Card.Game21Test" file="/Users/dannipham/dbwebb-kurser/mvc/me/report/tests/Card/Game21Test.php" line="85" assertions="4" time="0.001542"/>
      </testsuite>
      <testsuite name="App\Tests\Card\PlayerTest" file="/Users/dannipham/dbwebb-kurser/mvc/me/report/tests/Card/PlayerTest.php" tests="7" assertions="13" errors="0" warnings="0" failures="0" skipped="0" time="0.004003">
        <testcase name="testConstructAndGetters" class="App\Tests\Card\PlayerTest" classname="App.Tests.Card.PlayerTest" file="/Users/dannipham/dbwebb-kurser/mvc/me/report/tests/Card/PlayerTest.php" line="18" assertions="4" time="0.000950"/>
        <testcase name="testAddCardAndScore" class="App\Tests\Card\PlayerTest" classname="App.Tests.Card.PlayerTest" file="/Users/dannipham/dbwebb-kurser/mvc/me/report/tests/Card/PlayerTest.php" line="30" assertions="1" time="0.000395"/>
        <testcase name="testScoreWithMultipleAces" class="App\Tests\Card\PlayerTest" classname="App.Tests.Card.PlayerTest" file="/Users/dannipham/dbwebb-kurser/mvc/me/report/tests/Card/PlayerTest.php" line="50" assertions="1" time="0.000380"/>
        <testcase name="testStand" class="App\Tests\Card\PlayerTest" classname="App.Tests.Card.PlayerTest" file="/Users/dannipham/dbwebb-kurser/mvc/me/report/tests/Card/PlayerTest.php" line="69" assertions="1" time="0.000964"/>
        <testcase name="testMoneyOperations" class="App\Tests\Card\PlayerTest" classname="App.Tests.Card.PlayerTest" file="/Users/dannipham/dbwebb-kurser/mvc/me/report/tests/Card/PlayerTest.php" line="79" assertions="2" time="0.000448"/>
        <testcase name="testDeductMoneyException" class="App\Tests\Card\PlayerTest" classname="App.Tests.Card.PlayerTest" file="/Users/dannipham/dbwebb-kurser/mvc/me/report/tests/Card/PlayerTest.php" line="91" assertions="1" time="0.000403"/>
        <testcase name="testToArrayAndFromArray" class="App\Tests\Card\PlayerTest" classname="App.Tests.Card.PlayerTest" file="/Users/dannipham/dbwebb-kurser/mvc/me/report/tests/Card/PlayerTest.php" line="101" assertions="3" time="0.000463"/>
      </testsuite>
      <testsuite name="App\Tests\Command\SeedBooksCommandTest" file="/Users/dannipham/dbwebb-kurser/mvc/me/report/tests/Command/SeedBooksCommandTest.php" tests="1" assertions="15" errors="0" warnings="0" failures="0" skipped="0" time="0.738578">
        <testcase name="testExecuteSeedsThreeBooks" class="App\Tests\Command\SeedBooksCommandTest" classname="App.Tests.Command.SeedBooksCommandTest" file="/Users/dannipham/dbwebb-kurser/mvc/me/report/tests/Command/SeedBooksCommandTest.php" line="13" assertions="15" time="0.738578"/>
      </testsuite>
      <testsuite name="App\Tests\Controller\ApiControllerTest" file="/Users/dannipham/dbwebb-kurser/mvc/me/report/tests/Controller/ApiControllerTest.php" tests="11" assertions="51" errors="0" warnings="0" failures="0" skipped="0" time="0.473168">
        <testcase name="testApiLandingPage" class="App\Tests\Controller\ApiControllerTest" classname="App.Tests.Controller.ApiControllerTest" file="/Users/dannipham/dbwebb-kurser/mvc/me/report/tests/Controller/ApiControllerTest.php" line="20" assertions="6" time="0.209418"/>
        <testcase name="testApiQuote" class="App\Tests\Controller\ApiControllerTest" classname="App.Tests.Controller.ApiControllerTest" file="/Users/dannipham/dbwebb-kurser/mvc/me/report/tests/Controller/ApiControllerTest.php" line="33" assertions="6" time="0.014784"/>
        <testcase name="testApiTime" class="App\Tests\Controller\ApiControllerTest" classname="App.Tests.Controller.ApiControllerTest" file="/Users/dannipham/dbwebb-kurser/mvc/me/report/tests/Controller/ApiControllerTest.php" line="51" assertions="4" time="0.011105"/>
        <testcase name="testApiDeck" class="App\Tests\Controller\ApiControllerTest" classname="App.Tests.Controller.ApiControllerTest" file="/Users/dannipham/dbwebb-kurser/mvc/me/report/tests/Controller/ApiControllerTest.php" line="67" assertions="5" time="0.065106"/>
        <testcase name="testApiShuffle" class="App\Tests\Controller\ApiControllerTest" classname="App.Tests.Controller.ApiControllerTest" file="/Users/dannipham/dbwebb-kurser/mvc/me/report/tests/Controller/ApiControllerTest.php" line="91" assertions="5" time="0.019309"/>
        <testcase name="testApiDrawOneCard" class="App\Tests\Controller\ApiControllerTest" classname="App.Tests.Controller.ApiControllerTest" file="/Users/dannipham/dbwebb-kurser/mvc/me/report/tests/Controller/ApiControllerTest.php" line="108" assertions="4" time="0.033819"/>
        <testcase name="testApiDrawMultipleCards" class="App\Tests\Controller\ApiControllerTest" classname="App.Tests.Controller.ApiControllerTest" file="/Users/dannipham/dbwebb-kurser/mvc/me/report/tests/Controller/ApiControllerTest.php" line="125" assertions="4" time="0.036431"/>
        <testcase name="testApiLibraryBooks" class="App\Tests\Controller\ApiControllerTest" classname="App.Tests.Controller.ApiControllerTest" file="/Users/dannipham/dbwebb-kurser/mvc/me/report/tests/Controller/ApiControllerTest.php" line="142" assertions="5" time="0.035122"/>
        <testcase name="testApiLibraryBookByIsbn" class="App\Tests\Controller\ApiControllerTest" classname="App.Tests.Controller.ApiControllerTest" file="/Users/dannipham/dbwebb-kurser/mvc/me/report/tests/Controller/ApiControllerTest.php" line="158" assertions="3" time="0.015545"/>
        <testcase name="testShowAllBooksJson" class="App\Tests\Controller\ApiControllerTest" classname="App.Tests.Controller.ApiControllerTest" file="/Users/dannipham/dbwebb-kurser/mvc/me/report/tests/Controller/ApiControllerTest.php" line="173" assertions="6" time="0.016069"/>
        <testcase name="testShowBookByIsbnJson" class="App\Tests\Controller\ApiControllerTest" classname="App.Tests.Controller.ApiControllerTest" file="/Users/dannipham/dbwebb-kurser/mvc/me/report/tests/Controller/ApiControllerTest.php" line="190" assertions="3" time="0.016459"/>
      </testsuite>
      <testsuite name="App\Tests\Controller\CardControllerTest" file="/Users/dannipham/dbwebb-kurser/mvc/me/report/tests/Controller/CardControllerTest.php" tests="7" assertions="44" errors="0" warnings="0" failures="0" skipped="0" time="0.399949">
        <testcase name="testCardIndex" class="App\Tests\Controller\CardControllerTest" classname="App.Tests.Controller.CardControllerTest" file="/Users/dannipham/dbwebb-kurser/mvc/me/report/tests/Controller/CardControllerTest.php" line="19" assertions="6" time="0.039733"/>
        <testcase name="testSessionShowEmpty" class="App\Tests\Controller\CardControllerTest" classname="App.Tests.Controller.CardControllerTest" file="/Users/dannipham/dbwebb-kurser/mvc/me/report/tests/Controller/CardControllerTest.php" line="30" assertions="5" time="0.022103"/>
        <testcase name="testSessionDelete" class="App\Tests\Controller\CardControllerTest" classname="App.Tests.Controller.CardControllerTest" file="/Users/dannipham/dbwebb-kurser/mvc/me/report/tests/Controller/CardControllerTest.php" line="39" assertions="7" time="0.041403"/>
        <testcase name="testCardDeckNew" class="App\Tests\Controller\CardControllerTest" classname="App.Tests.Controller.CardControllerTest" file="/Users/dannipham/dbwebb-kurser/mvc/me/report/tests/Controller/CardControllerTest.php" line="56" assertions="7" time="0.043944"/>
        <testcase name="testCardDeckShuffle" class="App\Tests\Controller\CardControllerTest" classname="App.Tests.Controller.CardControllerTest" file="/Users/dannipham/dbwebb-kurser/mvc/me/report/tests/Controller/CardControllerTest.php" line="72" assertions="7" time="0.035608"/>
        <testcase name="testCardDeckDrawOne" class="App\Tests\Controller\CardControllerTest" classname="App.Tests.Controller.CardControllerTest" file="/Users/dannipham/dbwebb-kurser/mvc/me/report/tests/Controller/CardControllerTest.php" line="85" assertions="6" time="0.075120"/>
        <testcase name="testCardDeckDrawMultiple" class="App\Tests\Controller\CardControllerTest" classname="App.Tests.Controller.CardControllerTest" file="/Users/dannipham/dbwebb-kurser/mvc/me/report/tests/Controller/CardControllerTest.php" line="99" assertions="6" time="0.142037"/>
      </testsuite>
      <testsuite name="App\Tests\Controller\GameControllerTest" file="/Users/dannipham/dbwebb-kurser/mvc/me/report/tests/Controller/GameControllerTest.php" tests="7" assertions="43" errors="0" warnings="0" failures="0" skipped="0" time="0.395970">
        <testcase name="testGameIndex" class="App\Tests\Controller\GameControllerTest" classname="App.Tests.Controller.GameControllerTest" file="/Users/dannipham/dbwebb-kurser/mvc/me/report/tests/Controller/GameControllerTest.php" line="22" assertions="7" time="0.043543"/>
        <testcase name="testGameDoc" class="App\Tests\Controller\GameControllerTest" classname="App.Tests.Controller.GameControllerTest" file="/Users/dannipham/dbwebb-kurser/mvc/me/report/tests/Controller/GameControllerTest.php" line="36" assertions="9" time="0.030801"/>
        <testcase name="testGamePlayInitial" class="App\Tests\Controller\GameControllerTest" classname="App.Tests.Controller.GameControllerTest" file="/Users/dannipham/dbwebb-kurser/mvc/me/report/tests/Controller/GameControllerTest.php" line="55" assertions="6" time="0.030987"/>
        <testcase name="testGameBet" class="App\Tests\Controller\GameControllerTest" classname="App.Tests.Controller.GameControllerTest" file="/Users/dannipham/dbwebb-kurser/mvc/me/report/tests/Controller/GameControllerTest.php" line="66" assertions="5" time="0.057565"/>
        <testcase name="testGameDraw" class="App\Tests\Controller\GameControllerTest" classname="App.Tests.Controller.GameControllerTest" file="/Users/dannipham/dbwebb-kurser/mvc/me/report/tests/Controller/GameControllerTest.php" line="78" assertions="5" time="0.078379"/>
        <testcase name="testGameStand" class="App\Tests\Controller\GameControllerTest" classname="App.Tests.Controller.GameControllerTest" file="/Users/dannipham/dbwebb-kurser/mvc/me/report/tests/Controller/GameControllerTest.php" line="93" assertions="6" time="0.076397"/>
        <testcase name="testGameReset" class="App\Tests\Controller\GameControllerTest" classname="App.Tests.Controller.GameControllerTest" file="/Users/dannipham/dbwebb-kurser/mvc/me/report/tests/Controller/GameControllerTest.php" line="106" assertions="5" time="0.078297"/>
      </testsuite>
      <testsuite name="App\Tests\Controller\LearningItemApiControllerTest" file="/Users/dannipham/dbwebb-kurser/mvc/me/report/tests/Controller/LearningItemApiControllerTest.php" tests="9" assertions="48" errors="0" warnings="0" failures="0" skipped="0" time="0.238928">
        <testcase name="testApiIndexReturnsEmptyArrayWhenNoItems" class="App\Tests\Controller\LearningItemApiControllerTest" classname="App.Tests.Controller.LearningItemApiControllerTest" file="/Users/dannipham/dbwebb-kurser/mvc/me/report/tests/Controller/LearningItemApiControllerTest.php" line="39" assertions="4" time="0.059737"/>
        <testcase name="testApiIndexReturnsItems" class="App\Tests\Controller\LearningItemApiControllerTest" classname="App.Tests.Controller.LearningItemApiControllerTest" file="/Users/dannipham/dbwebb-kurser/mvc/me/report/tests/Controller/LearningItemApiControllerTest.php" line="52" assertions="8" time="0.027498"/>
        <testcase name="testApiShowItem" class="App\Tests\Controller\LearningItemApiControllerTest" classname="App.Tests.Controller.LearningItemApiControllerTest" file="/Users/dannipham/dbwebb-kurser/mvc/me/report/tests/Controller/LearningItemApiControllerTest.php" line="81" assertions="6" time="0.019286"/>
        <testcase name="testApiShowNotFound" class="App\Tests\Controller\LearningItemApiControllerTest" classname="App.Tests.Controller.LearningItemApiControllerTest" file="/Users/dannipham/dbwebb-kurser/mvc/me/report/tests/Controller/LearningItemApiControllerTest.php" line="108" assertions="4" time="0.018496"/>
        <testcase name="testApiCreateItemWithJson" class="App\Tests\Controller\LearningItemApiControllerTest" classname="App.Tests.Controller.LearningItemApiControllerTest" file="/Users/dannipham/dbwebb-kurser/mvc/me/report/tests/Controller/LearningItemApiControllerTest.php" line="124" assertions="7" time="0.021314"/>
        <testcase name="testApiCreateItemWithFormData" class="App\Tests\Controller\LearningItemApiControllerTest" classname="App.Tests.Controller.LearningItemApiControllerTest" file="/Users/dannipham/dbwebb-kurser/mvc/me/report/tests/Controller/LearningItemApiControllerTest.php" line="162" assertions="5" time="0.025404"/>
        <testcase name="testApiByStatus" class="App\Tests\Controller\LearningItemApiControllerTest" classname="App.Tests.Controller.LearningItemApiControllerTest" file="/Users/dannipham/dbwebb-kurser/mvc/me/report/tests/Controller/LearningItemApiControllerTest.php" line="190" assertions="5" time="0.023103"/>
        <testcase name="testApiStats" class="App\Tests\Controller\LearningItemApiControllerTest" classname="App.Tests.Controller.LearningItemApiControllerTest" file="/Users/dannipham/dbwebb-kurser/mvc/me/report/tests/Controller/LearningItemApiControllerTest.php" line="218" assertions="5" time="0.021439"/>
        <testcase name="testApiCreateWithCategory" class="App\Tests\Controller\LearningItemApiControllerTest" classname="App.Tests.Controller.LearningItemApiControllerTest" file="/Users/dannipham/dbwebb-kurser/mvc/me/report/tests/Controller/LearningItemApiControllerTest.php" line="247" assertions="4" time="0.022650"/>
      </testsuite>
      <testsuite name="App\Tests\Controller\LearningItemControllerTest" file="/Users/dannipham/dbwebb-kurser/mvc/me/report/tests/Controller/LearningItemControllerTest.php" tests="5" assertions="32" errors="0" warnings="0" failures="0" skipped="0" time="0.688031">
        <testcase name="testIndexPage" class="App\Tests\Controller\LearningItemControllerTest" classname="App.Tests.Controller.LearningItemControllerTest" file="/Users/dannipham/dbwebb-kurser/mvc/me/report/tests/Controller/LearningItemControllerTest.php" line="32" assertions="3" time="0.031053"/>
        <testcase name="testCreateItem" class="App\Tests\Controller\LearningItemControllerTest" classname="App.Tests.Controller.LearningItemControllerTest" file="/Users/dannipham/dbwebb-kurser/mvc/me/report/tests/Controller/LearningItemControllerTest.php" line="39" assertions="10" time="0.426420"/>
        <testcase name="testShowItem" class="App\Tests\Controller\LearningItemControllerTest" classname="App.Tests.Controller.LearningItemControllerTest" file="/Users/dannipham/dbwebb-kurser/mvc/me/report/tests/Controller/LearningItemControllerTest.php" line="67" assertions="5" time="0.032187"/>
        <testcase name="testEditItem" class="App\Tests\Controller\LearningItemControllerTest" classname="App.Tests.Controller.LearningItemControllerTest" file="/Users/dannipham/dbwebb-kurser/mvc/me/report/tests/Controller/LearningItemControllerTest.php" line="85" assertions="8" time="0.127525"/>
        <testcase name="testDeleteItem" class="App\Tests\Controller\LearningItemControllerTest" classname="App.Tests.Controller.LearningItemControllerTest" file="/Users/dannipham/dbwebb-kurser/mvc/me/report/tests/Controller/LearningItemControllerTest.php" line="110" assertions="6" time="0.070846"/>
      </testsuite>
      <testsuite name="App\Tests\Controller\LibraryControllerTest" file="/Users/dannipham/dbwebb-kurser/mvc/me/report/tests/Controller/LibraryControllerTest.php" tests="6" assertions="31" errors="0" warnings="0" failures="0" skipped="0" time="0.555172">
        <testcase name="testIndexLoads" class="App\Tests\Controller\LibraryControllerTest" classname="App.Tests.Controller.LibraryControllerTest" file="/Users/dannipham/dbwebb-kurser/mvc/me/report/tests/Controller/LibraryControllerTest.php" line="17" assertions="5" time="0.024052"/>
        <testcase name="testShowAllLoads" class="App\Tests\Controller\LibraryControllerTest" classname="App.Tests.Controller.LibraryControllerTest" file="/Users/dannipham/dbwebb-kurser/mvc/me/report/tests/Controller/LibraryControllerTest.php" line="26" assertions="4" time="0.066446"/>
        <testcase name="testCreateBookForm" class="App\Tests\Controller\LibraryControllerTest" classname="App.Tests.Controller.LibraryControllerTest" file="/Users/dannipham/dbwebb-kurser/mvc/me/report/tests/Controller/LibraryControllerTest.php" line="35" assertions="3" time="0.057257"/>
        <testcase name="testUpdateBookForm" class="App\Tests\Controller\LibraryControllerTest" classname="App.Tests.Controller.LibraryControllerTest" file="/Users/dannipham/dbwebb-kurser/mvc/me/report/tests/Controller/LibraryControllerTest.php" line="43" assertions="3" time="0.111737"/>
        <testcase name="testShowBookDetails" class="App\Tests\Controller\LibraryControllerTest" classname="App.Tests.Controller.LibraryControllerTest" file="/Users/dannipham/dbwebb-kurser/mvc/me/report/tests/Controller/LibraryControllerTest.php" line="57" assertions="8" time="0.099063"/>
        <testcase name="testCreateAndDeleteBook" class="App\Tests\Controller\LibraryControllerTest" classname="App.Tests.Controller.LibraryControllerTest" file="/Users/dannipham/dbwebb-kurser/mvc/me/report/tests/Controller/LibraryControllerTest.php" line="74" assertions="8" time="0.196617"/>
      </testsuite>
      <testsuite name="App\Tests\Controller\MeControllerTest" file="/Users/dannipham/dbwebb-kurser/mvc/me/report/tests/Controller/MeControllerTest.php" tests="4" assertions="26" errors="0" warnings="0" failures="0" skipped="0" time="0.126700">
        <testcase name="testHomePage" class="App\Tests\Controller\MeControllerTest" classname="App.Tests.Controller.MeControllerTest" file="/Users/dannipham/dbwebb-kurser/mvc/me/report/tests/Controller/MeControllerTest.php" line="9" assertions="6" time="0.029802"/>
        <testcase name="testAboutPage" class="App\Tests\Controller\MeControllerTest" classname="App.Tests.Controller.MeControllerTest" file="/Users/dannipham/dbwebb-kurser/mvc/me/report/tests/Controller/MeControllerTest.php" line="20" assertions="6" time="0.022477"/>
        <testcase name="testReportPage" class="App\Tests\Controller\MeControllerTest" classname="App.Tests.Controller.MeControllerTest" file="/Users/dannipham/dbwebb-kurser/mvc/me/report/tests/Controller/MeControllerTest.php" line="32" assertions="6" time="0.038334"/>
        <testcase name="testLuckyPage" class="App\Tests\Controller\MeControllerTest" classname="App.Tests.Controller.MeControllerTest" file="/Users/dannipham/dbwebb-kurser/mvc/me/report/tests/Controller/MeControllerTest.php" line="44" assertions="8" time="0.036087"/>
      </testsuite>
      <testsuite name="App\Tests\Controller\MetricsControllerTest" file="/Users/dannipham/dbwebb-kurser/mvc/me/report/tests/Controller/MetricsControllerTest.php" tests="1" assertions="16" errors="0" warnings="0" failures="0" skipped="0" time="0.025508">
        <testcase name="testMetricsIndex" class="App\Tests\Controller\MetricsControllerTest" classname="App.Tests.Controller.MetricsControllerTest" file="/Users/dannipham/dbwebb-kurser/mvc/me/report/tests/Controller/MetricsControllerTest.php" line="9" assertions="16" time="0.025508"/>
      </testsuite>
      <testsuite name="App\Tests\Controller\ProjectControllerTest" file="/Users/dannipham/dbwebb-kurser/mvc/me/report/tests/Controller/ProjectControllerTest.php" tests="2" assertions="17" errors="0" warnings="0" failures="0" skipped="0" time="0.041797">
        <testcase name="testProjectHomePage" class="App\Tests\Controller\ProjectControllerTest" classname="App.Tests.Controller.ProjectControllerTest" file="/Users/dannipham/dbwebb-kurser/mvc/me/report/tests/Controller/ProjectControllerTest.php" line="9" assertions="8" time="0.019930"/>
        <testcase name="testProjectAboutPage" class="App\Tests\Controller\ProjectControllerTest" classname="App.Tests.Controller.ProjectControllerTest" file="/Users/dannipham/dbwebb-kurser/mvc/me/report/tests/Controller/ProjectControllerTest.php" line="23" assertions="9" time="0.021867"/>
      </testsuite>
      <testsuite name="App\Tests\Entity\CategoryTest" file="/Users/dannipham/dbwebb-kurser/mvc/me/report/tests/Entity/CategoryTest.php" tests="7" assertions="8" errors="0" warnings="0" failures="0" skipped="0" time="0.003900">
        <testcase name="testCategoryIdIsNullByDefault" class="App\Tests\Entity\CategoryTest" classname="App.Tests.Entity.CategoryTest" file="/Users/dannipham/dbwebb-kurser/mvc/me/report/tests/Entity/CategoryTest.php" line="10" assertions="1" time="0.000387"/>
        <testcase name="testSetAndGetName" class="App\Tests\Entity\CategoryTest" classname="App.Tests.Entity.CategoryTest" file="/Users/dannipham/dbwebb-kurser/mvc/me/report/tests/Entity/CategoryTest.php" line="16" assertions="1" time="0.000516"/>
        <testcase name="testSetNameReturnsSelfForFluentInterface" class="App\Tests\Entity\CategoryTest" classname="App.Tests.Entity.CategoryTest" file="/Users/dannipham/dbwebb-kurser/mvc/me/report/tests/Entity/CategoryTest.php" line="26" assertions="1" time="0.000425"/>
        <testcase name="testNameIsRequiredAndString" class="App\Tests\Entity\CategoryTest" classname="App.Tests.Entity.CategoryTest" file="/Users/dannipham/dbwebb-kurser/mvc/me/report/tests/Entity/CategoryTest.php" line="34" assertions="1" time="0.000574"/>
        <testcase name="testCategoryCanBeInstantiated" class="App\Tests\Entity\CategoryTest" classname="App.Tests.Entity.CategoryTest" file="/Users/dannipham/dbwebb-kurser/mvc/me/report/tests/Entity/CategoryTest.php" line="44" assertions="1" time="0.001247"/>
        <testcase name="testNameLengthConstraintIsRespected" class="App\Tests\Entity\CategoryTest" classname="App.Tests.Entity.CategoryTest" file="/Users/dannipham/dbwebb-kurser/mvc/me/report/tests/Entity/CategoryTest.php" line="50" assertions="2" time="0.000400"/>
        <testcase name="testToStringBehavior" class="App\Tests\Entity\CategoryTest" classname="App.Tests.Entity.CategoryTest" file="/Users/dannipham/dbwebb-kurser/mvc/me/report/tests/Entity/CategoryTest.php" line="65" assertions="1" time="0.000350"/>
      </testsuite>
      <testsuite name="App\Tests\Entity\LearningItemTest" file="/Users/dannipham/dbwebb-kurser/mvc/me/report/tests/Entity/LearningItemTest.php" tests="15" assertions="22" errors="0" warnings="0" failures="0" skipped="0" time="0.006292">
        <testcase name="testIdIsNullByDefault" class="App\Tests\Entity\LearningItemTest" classname="App.Tests.Entity.LearningItemTest" file="/Users/dannipham/dbwebb-kurser/mvc/me/report/tests/Entity/LearningItemTest.php" line="19" assertions="1" time="0.000426"/>
        <testcase name="testTitleCanBeSetAndRetrieved" class="App\Tests\Entity\LearningItemTest" classname="App.Tests.Entity.LearningItemTest" file="/Users/dannipham/dbwebb-kurser/mvc/me/report/tests/Entity/LearningItemTest.php" line="24" assertions="1" time="0.000434"/>
        <testcase name="testTitleCanBeNull" class="App\Tests\Entity\LearningItemTest" classname="App.Tests.Entity.LearningItemTest" file="/Users/dannipham/dbwebb-kurser/mvc/me/report/tests/Entity/LearningItemTest.php" line="31" assertions="1" time="0.000358"/>
        <testcase name="testDescriptionCanBeSetAndRetrieved" class="App\Tests\Entity\LearningItemTest" classname="App.Tests.Entity.LearningItemTest" file="/Users/dannipham/dbwebb-kurser/mvc/me/report/tests/Entity/LearningItemTest.php" line="37" assertions="1" time="0.000355"/>
        <testcase name="testDescriptionCanBeNull" class="App\Tests\Entity\LearningItemTest" classname="App.Tests.Entity.LearningItemTest" file="/Users/dannipham/dbwebb-kurser/mvc/me/report/tests/Entity/LearningItemTest.php" line="44" assertions="1" time="0.000408"/>
        <testcase name="testUrlCanBeSetAndRetrieved" class="App\Tests\Entity\LearningItemTest" classname="App.Tests.Entity.LearningItemTest" file="/Users/dannipham/dbwebb-kurser/mvc/me/report/tests/Entity/LearningItemTest.php" line="50" assertions="1" time="0.000375"/>
        <testcase name="testUrlCanBeNull" class="App\Tests\Entity\LearningItemTest" classname="App.Tests.Entity.LearningItemTest" file="/Users/dannipham/dbwebb-kurser/mvc/me/report/tests/Entity/LearningItemTest.php" line="57" assertions="1" time="0.000347"/>
        <testcase name="testStatusDefaultsToLearning" class="App\Tests\Entity\LearningItemTest" classname="App.Tests.Entity.LearningItemTest" file="/Users/dannipham/dbwebb-kurser/mvc/me/report/tests/Entity/LearningItemTest.php" line="63" assertions="1" time="0.000342"/>
        <testcase name="testStatusCanBeChanged" class="App\Tests\Entity\LearningItemTest" classname="App.Tests.Entity.LearningItemTest" file="/Users/dannipham/dbwebb-kurser/mvc/me/report/tests/Entity/LearningItemTest.php" line="68" assertions="2" time="0.000386"/>
        <testcase name="testCreatedAtIsSetInConstructor" class="App\Tests\Entity\LearningItemTest" classname="App.Tests.Entity.LearningItemTest" file="/Users/dannipham/dbwebb-kurser/mvc/me/report/tests/Entity/LearningItemTest.php" line="77" assertions="3" time="0.000384"/>
        <testcase name="testSetCreatedAt" class="App\Tests\Entity\LearningItemTest" classname="App.Tests.Entity.LearningItemTest" file="/Users/dannipham/dbwebb-kurser/mvc/me/report/tests/Entity/LearningItemTest.php" line="88" assertions="1" time="0.000906"/>
        <testcase name="testCategoryCanBeSetAndRetrieved" class="App\Tests\Entity\LearningItemTest" classname="App.Tests.Entity.LearningItemTest" file="/Users/dannipham/dbwebb-kurser/mvc/me/report/tests/Entity/LearningItemTest.php" line="95" assertions="2" time="0.000421"/>
        <testcase name="testCategoryCanBeNull" class="App\Tests\Entity\LearningItemTest" classname="App.Tests.Entity.LearningItemTest" file="/Users/dannipham/dbwebb-kurser/mvc/me/report/tests/Entity/LearningItemTest.php" line="106" assertions="1" time="0.000387"/>
        <testcase name="testFluentInterface" class="App\Tests\Entity\LearningItemTest" classname="App.Tests.Entity.LearningItemTest" file="/Users/dannipham/dbwebb-kurser/mvc/me/report/tests/Entity/LearningItemTest.php" line="112" assertions="4" time="0.000404"/>
        <testcase name="testInstanceOfLearningItem" class="App\Tests\Entity\LearningItemTest" classname="App.Tests.Entity.LearningItemTest" file="/Users/dannipham/dbwebb-kurser/mvc/me/report/tests/Entity/LearningItemTest.php" line="131" assertions="1" time="0.000357"/>
      </testsuite>
      <testsuite name="App\Tests\Form\BookTypeTest" file="/Users/dannipham/dbwebb-kurser/mvc/me/report/tests/Form/BookTypeTest.php" tests="1" assertions="5" errors="0" warnings="0" failures="0" skipped="0" time="0.053937">
        <testcase name="testBuildForm" class="App\Tests\Form\BookTypeTest" classname="App.Tests.Form.BookTypeTest" file="/Users/dannipham/dbwebb-kurser/mvc/me/report/tests/Form/BookTypeTest.php" line="11" assertions="5" time="0.053937"/>
      </testsuite>
      <testsuite name="App\Tests\Repository\BookRepositoryTest" file="/Users/dannipham/dbwebb-kurser/mvc/me/report/tests/Library/BookRepositoryTest.php" tests="1" assertions="1" errors="0" warnings="0" failures="0" skipped="0" time="0.002041">
        <testcase name="testRepositoryInstantiation" class="App\Tests\Repository\BookRepositoryTest" classname="App.Tests.Repository.BookRepositoryTest" file="/Users/dannipham/dbwebb-kurser/mvc/me/report/tests/Library/BookRepositoryTest.php" line="26" assertions="1" time="0.002041"/>
      </testsuite>
      <testsuite name="App\Tests\Entity\BookTest" file="/Users/dannipham/dbwebb-kurser/mvc/me/report/tests/Library/BookTest.php" tests="6" assertions="7" errors="0" warnings="0" failures="0" skipped="0" time="0.002812">
        <testcase name="testCreateBook" class="App\Tests\Entity\BookTest" classname="App.Tests.Entity.BookTest" file="/Users/dannipham/dbwebb-kurser/mvc/me/report/tests/Library/BookTest.php" line="13" assertions="1" time="0.000373"/>
        <testcase name="testTitle" class="App\Tests\Entity\BookTest" classname="App.Tests.Entity.BookTest" file="/Users/dannipham/dbwebb-kurser/mvc/me/report/tests/Library/BookTest.php" line="22" assertions="1" time="0.000563"/>
        <testcase name="testIsbn" class="App\Tests\Entity\BookTest" classname="App.Tests.Entity.BookTest" file="/Users/dannipham/dbwebb-kurser/mvc/me/report/tests/Library/BookTest.php" line="32" assertions="1" time="0.000402"/>
        <testcase name="testAuthor" class="App\Tests\Entity\BookTest" classname="App.Tests.Entity.BookTest" file="/Users/dannipham/dbwebb-kurser/mvc/me/report/tests/Library/BookTest.php" line="42" assertions="1" time="0.000471"/>
        <testcase name="testImage" class="App\Tests\Entity\BookTest" classname="App.Tests.Entity.BookTest" file="/Users/dannipham/dbwebb-kurser/mvc/me/report/tests/Library/BookTest.php" line="52" assertions="2" time="0.000466"/>
        <testcase name="testId" class="App\Tests\Entity\BookTest" classname="App.Tests.Entity.BookTest" file="/Users/dannipham/dbwebb-kurser/mvc/me/report/tests/Library/BookTest.php" line="65" assertions="1" time="0.000538"/>
      </testsuite>
    </testsuite>
  </testsuite>
</testsuites>
