<?xml version="1.0" encoding="UTF-8"?>
<testsuites>
  <testsuite name="" tests="82" assertions="345" errors="0" warnings="0" failures="0" skipped="0" time="2.648231">
    <testsuite name="Project Test Suite" tests="82" assertions="345" errors="0" warnings="0" failures="0" skipped="0" time="2.648231">
      <testsuite name="App\Tests\Card\CardGraphicTest" file="/Users/dannipham/dbwebb-kurser/mvc/me/report/tests/Card/CardGraphicTest.php" tests="2" assertions="4" errors="0" warnings="0" failures="0" skipped="0" time="0.010266">
        <testcase name="testGetSvgUrl" class="App\Tests\Card\CardGraphicTest" classname="App.Tests.Card.CardGraphicTest" file="/Users/dannipham/dbwebb-kurser/mvc/me/report/tests/Card/CardGraphicTest.php" line="16" assertions="2" time="0.009797"/>
        <testcase name="testGetAsString" class="App\Tests\Card\CardGraphicTest" classname="App.Tests.Card.CardGraphicTest" file="/Users/dannipham/dbwebb-kurser/mvc/me/report/tests/Card/CardGraphicTest.php" line="28" assertions="2" time="0.000469"/>
      </testsuite>
      <testsuite name="App\Tests\Card\CardHandTest" file="/Users/dannipham/dbwebb-kurser/mvc/me/report/tests/Card/CardHandTest.php" tests="4" assertions="6" errors="0" warnings="0" failures="0" skipped="0" time="0.003633">
        <testcase name="testAddCardAndGetCards" class="App\Tests\Card\CardHandTest" classname="App.Tests.Card.CardHandTest" file="/Users/dannipham/dbwebb-kurser/mvc/me/report/tests/Card/CardHandTest.php" line="17" assertions="2" time="0.001916"/>
        <testcase name="testToArray" class="App\Tests\Card\CardHandTest" classname="App.Tests.Card.CardHandTest" file="/Users/dannipham/dbwebb-kurser/mvc/me/report/tests/Card/CardHandTest.php" line="29" assertions="1" time="0.000414"/>
        <testcase name="testFromArray" class="App\Tests\Card\CardHandTest" classname="App.Tests.Card.CardHandTest" file="/Users/dannipham/dbwebb-kurser/mvc/me/report/tests/Card/CardHandTest.php" line="41" assertions="2" time="0.000433"/>
        <testcase name="testEmptyHand" class="App\Tests\Card\CardHandTest" classname="App.Tests.Card.CardHandTest" file="/Users/dannipham/dbwebb-kurser/mvc/me/report/tests/Card/CardHandTest.php" line="52" assertions="1" time="0.000869"/>
      </testsuite>
      <testsuite name="App\Tests\Card\CardTest" file="/Users/dannipham/dbwebb-kurser/mvc/me/report/tests/Card/CardTest.php" tests="3" assertions="6" errors="0" warnings="0" failures="0" skipped="0" time="0.001045">
        <testcase name="testConstructAndGetters" class="App\Tests\Card\CardTest" classname="App.Tests.Card.CardTest" file="/Users/dannipham/dbwebb-kurser/mvc/me/report/tests/Card/CardTest.php" line="16" assertions="3" time="0.000362"/>
        <testcase name="testToArray" class="App\Tests\Card\CardTest" classname="App.Tests.Card.CardTest" file="/Users/dannipham/dbwebb-kurser/mvc/me/report/tests/Card/CardTest.php" line="27" assertions="1" time="0.000338"/>
        <testcase name="testFromArray" class="App\Tests\Card\CardTest" classname="App.Tests.Card.CardTest" file="/Users/dannipham/dbwebb-kurser/mvc/me/report/tests/Card/CardTest.php" line="37" assertions="2" time="0.000345"/>
      </testsuite>
      <testsuite name="App\Tests\Card\DeckOfCardsTest" file="/Users/dannipham/dbwebb-kurser/mvc/me/report/tests/Card/DeckOfCardsTest.php" tests="7" assertions="11" errors="0" warnings="0" failures="0" skipped="0" time="0.034146">
        <testcase name="testConstruct" class="App\Tests\Card\DeckOfCardsTest" classname="App.Tests.Card.DeckOfCardsTest" file="/Users/dannipham/dbwebb-kurser/mvc/me/report/tests/Card/DeckOfCardsTest.php" line="16" assertions="1" time="0.001707"/>
        <testcase name="testDraw" class="App\Tests\Card\DeckOfCardsTest" classname="App.Tests.Card.DeckOfCardsTest" file="/Users/dannipham/dbwebb-kurser/mvc/me/report/tests/Card/DeckOfCardsTest.php" line="25" assertions="2" time="0.000872"/>
        <testcase name="testDrawTooManyCards" class="App\Tests\Card\DeckOfCardsTest" classname="App.Tests.Card.DeckOfCardsTest" file="/Users/dannipham/dbwebb-kurser/mvc/me/report/tests/Card/DeckOfCardsTest.php" line="36" assertions="1" time="0.002019"/>
        <testcase name="testShuffle" class="App\Tests\Card\DeckOfCardsTest" classname="App.Tests.Card.DeckOfCardsTest" file="/Users/dannipham/dbwebb-kurser/mvc/me/report/tests/Card/DeckOfCardsTest.php" line="46" assertions="2" time="0.021527"/>
        <testcase name="testGetSortedCards" class="App\Tests\Card\DeckOfCardsTest" classname="App.Tests.Card.DeckOfCardsTest" file="/Users/dannipham/dbwebb-kurser/mvc/me/report/tests/Card/DeckOfCardsTest.php" line="59" assertions="2" time="0.005163"/>
        <testcase name="testToArrayAndFromArray" class="App\Tests\Card\DeckOfCardsTest" classname="App.Tests.Card.DeckOfCardsTest" file="/Users/dannipham/dbwebb-kurser/mvc/me/report/tests/Card/DeckOfCardsTest.php" line="71" assertions="1" time="0.001666"/>
        <testcase name="testGetCardCount" class="App\Tests\Card\DeckOfCardsTest" classname="App.Tests.Card.DeckOfCardsTest" file="/Users/dannipham/dbwebb-kurser/mvc/me/report/tests/Card/DeckOfCardsTest.php" line="82" assertions="2" time="0.001191"/>
      </testsuite>
      <testsuite name="App\Tests\Card\Game21Test" file="/Users/dannipham/dbwebb-kurser/mvc/me/report/tests/Card/Game21Test.php" tests="7" assertions="22" errors="0" warnings="0" failures="0" skipped="0" time="0.012336">
        <testcase name="testConstruct" class="App\Tests\Card\Game21Test" classname="App.Tests.Card.Game21Test" file="/Users/dannipham/dbwebb-kurser/mvc/me/report/tests/Card/Game21Test.php" line="11" assertions="7" time="0.004413"/>
        <testcase name="testDealInitialCard" class="App\Tests\Card\Game21Test" classname="App.Tests.Card.Game21Test" file="/Users/dannipham/dbwebb-kurser/mvc/me/report/tests/Card/Game21Test.php" line="23" assertions="2" time="0.001583"/>
        <testcase name="testPlaceBet" class="App\Tests\Card\Game21Test" classname="App.Tests.Card.Game21Test" file="/Users/dannipham/dbwebb-kurser/mvc/me/report/tests/Card/Game21Test.php" line="31" assertions="5" time="0.001117"/>
        <testcase name="testPlaceBetInvalid" class="App\Tests\Card\Game21Test" classname="App.Tests.Card.Game21Test" file="/Users/dannipham/dbwebb-kurser/mvc/me/report/tests/Card/Game21Test.php" line="42" assertions="1" time="0.000893"/>
        <testcase name="testPlayerDrawBust" class="App\Tests\Card\Game21Test" classname="App.Tests.Card.Game21Test" file="/Users/dannipham/dbwebb-kurser/mvc/me/report/tests/Card/Game21Test.php" line="49" assertions="2" time="0.001069"/>
        <testcase name="testPlayerDrawTo21" class="App\Tests\Card\Game21Test" classname="App.Tests.Card.Game21Test" file="/Users/dannipham/dbwebb-kurser/mvc/me/report/tests/Card/Game21Test.php" line="67" assertions="1" time="0.001088"/>
        <testcase name="testPlayerStandAndBankPlay" class="App\Tests\Card\Game21Test" classname="App.Tests.Card.Game21Test" file="/Users/dannipham/dbwebb-kurser/mvc/me/report/tests/Card/Game21Test.php" line="85" assertions="4" time="0.002172"/>
      </testsuite>
      <testsuite name="App\Tests\Card\PlayerTest" file="/Users/dannipham/dbwebb-kurser/mvc/me/report/tests/Card/PlayerTest.php" tests="7" assertions="13" errors="0" warnings="0" failures="0" skipped="0" time="0.004702">
        <testcase name="testConstructAndGetters" class="App\Tests\Card\PlayerTest" classname="App.Tests.Card.PlayerTest" file="/Users/dannipham/dbwebb-kurser/mvc/me/report/tests/Card/PlayerTest.php" line="18" assertions="4" time="0.000978"/>
        <testcase name="testAddCardAndScore" class="App\Tests\Card\PlayerTest" classname="App.Tests.Card.PlayerTest" file="/Users/dannipham/dbwebb-kurser/mvc/me/report/tests/Card/PlayerTest.php" line="30" assertions="1" time="0.000416"/>
        <testcase name="testScoreWithMultipleAces" class="App\Tests\Card\PlayerTest" classname="App.Tests.Card.PlayerTest" file="/Users/dannipham/dbwebb-kurser/mvc/me/report/tests/Card/PlayerTest.php" line="50" assertions="1" time="0.000423"/>
        <testcase name="testStand" class="App\Tests\Card\PlayerTest" classname="App.Tests.Card.PlayerTest" file="/Users/dannipham/dbwebb-kurser/mvc/me/report/tests/Card/PlayerTest.php" line="69" assertions="1" time="0.000911"/>
        <testcase name="testMoneyOperations" class="App\Tests\Card\PlayerTest" classname="App.Tests.Card.PlayerTest" file="/Users/dannipham/dbwebb-kurser/mvc/me/report/tests/Card/PlayerTest.php" line="79" assertions="2" time="0.000546"/>
        <testcase name="testDeductMoneyException" class="App\Tests\Card\PlayerTest" classname="App.Tests.Card.PlayerTest" file="/Users/dannipham/dbwebb-kurser/mvc/me/report/tests/Card/PlayerTest.php" line="91" assertions="1" time="0.000713"/>
        <testcase name="testToArrayAndFromArray" class="App\Tests\Card\PlayerTest" classname="App.Tests.Card.PlayerTest" file="/Users/dannipham/dbwebb-kurser/mvc/me/report/tests/Card/PlayerTest.php" line="101" assertions="3" time="0.000715"/>
      </testsuite>
      <testsuite name="App\Tests\Command\SeedBooksCommandTest" file="/Users/dannipham/dbwebb-kurser/mvc/me/report/tests/Command/SeedBooksCommandTest.php" tests="1" assertions="15" errors="0" warnings="0" failures="0" skipped="0" time="0.362413">
        <testcase name="testExecuteSeedsThreeBooks" class="App\Tests\Command\SeedBooksCommandTest" classname="App.Tests.Command.SeedBooksCommandTest" file="/Users/dannipham/dbwebb-kurser/mvc/me/report/tests/Command/SeedBooksCommandTest.php" line="13" assertions="15" time="0.362413"/>
      </testsuite>
      <testsuite name="App\Tests\Controller\ApiControllerTest" file="/Users/dannipham/dbwebb-kurser/mvc/me/report/tests/Controller/ApiControllerTest.php" tests="11" assertions="51" errors="0" warnings="0" failures="0" skipped="0" time="0.352384">
        <testcase name="testApiLandingPage" class="App\Tests\Controller\ApiControllerTest" classname="App.Tests.Controller.ApiControllerTest" file="/Users/dannipham/dbwebb-kurser/mvc/me/report/tests/Controller/ApiControllerTest.php" line="20" assertions="6" time="0.113260"/>
        <testcase name="testApiQuote" class="App\Tests\Controller\ApiControllerTest" classname="App.Tests.Controller.ApiControllerTest" file="/Users/dannipham/dbwebb-kurser/mvc/me/report/tests/Controller/ApiControllerTest.php" line="33" assertions="6" time="0.015442"/>
        <testcase name="testApiTime" class="App\Tests\Controller\ApiControllerTest" classname="App.Tests.Controller.ApiControllerTest" file="/Users/dannipham/dbwebb-kurser/mvc/me/report/tests/Controller/ApiControllerTest.php" line="51" assertions="4" time="0.015190"/>
        <testcase name="testApiDeck" class="App\Tests\Controller\ApiControllerTest" classname="App.Tests.Controller.ApiControllerTest" file="/Users/dannipham/dbwebb-kurser/mvc/me/report/tests/Controller/ApiControllerTest.php" line="67" assertions="5" time="0.034145"/>
        <testcase name="testApiShuffle" class="App\Tests\Controller\ApiControllerTest" classname="App.Tests.Controller.ApiControllerTest" file="/Users/dannipham/dbwebb-kurser/mvc/me/report/tests/Controller/ApiControllerTest.php" line="91" assertions="5" time="0.017093"/>
        <testcase name="testApiDrawOneCard" class="App\Tests\Controller\ApiControllerTest" classname="App.Tests.Controller.ApiControllerTest" file="/Users/dannipham/dbwebb-kurser/mvc/me/report/tests/Controller/ApiControllerTest.php" line="108" assertions="4" time="0.042091"/>
        <testcase name="testApiDrawMultipleCards" class="App\Tests\Controller\ApiControllerTest" classname="App.Tests.Controller.ApiControllerTest" file="/Users/dannipham/dbwebb-kurser/mvc/me/report/tests/Controller/ApiControllerTest.php" line="125" assertions="4" time="0.037619"/>
        <testcase name="testApiLibraryBooks" class="App\Tests\Controller\ApiControllerTest" classname="App.Tests.Controller.ApiControllerTest" file="/Users/dannipham/dbwebb-kurser/mvc/me/report/tests/Controller/ApiControllerTest.php" line="142" assertions="5" time="0.025373"/>
        <testcase name="testApiLibraryBookByIsbn" class="App\Tests\Controller\ApiControllerTest" classname="App.Tests.Controller.ApiControllerTest" file="/Users/dannipham/dbwebb-kurser/mvc/me/report/tests/Controller/ApiControllerTest.php" line="158" assertions="3" time="0.018014"/>
        <testcase name="testShowAllBooksJson" class="App\Tests\Controller\ApiControllerTest" classname="App.Tests.Controller.ApiControllerTest" file="/Users/dannipham/dbwebb-kurser/mvc/me/report/tests/Controller/ApiControllerTest.php" line="173" assertions="6" time="0.019132"/>
        <testcase name="testShowBookByIsbnJson" class="App\Tests\Controller\ApiControllerTest" classname="App.Tests.Controller.ApiControllerTest" file="/Users/dannipham/dbwebb-kurser/mvc/me/report/tests/Controller/ApiControllerTest.php" line="190" assertions="3" time="0.015025"/>
      </testsuite>
      <testsuite name="App\Tests\Controller\CardControllerTest" file="/Users/dannipham/dbwebb-kurser/mvc/me/report/tests/Controller/CardControllerTest.php" tests="7" assertions="44" errors="0" warnings="0" failures="0" skipped="0" time="0.292180">
        <testcase name="testCardIndex" class="App\Tests\Controller\CardControllerTest" classname="App.Tests.Controller.CardControllerTest" file="/Users/dannipham/dbwebb-kurser/mvc/me/report/tests/Controller/CardControllerTest.php" line="19" assertions="6" time="0.029706"/>
        <testcase name="testSessionShowEmpty" class="App\Tests\Controller\CardControllerTest" classname="App.Tests.Controller.CardControllerTest" file="/Users/dannipham/dbwebb-kurser/mvc/me/report/tests/Controller/CardControllerTest.php" line="30" assertions="5" time="0.026813"/>
        <testcase name="testSessionDelete" class="App\Tests\Controller\CardControllerTest" classname="App.Tests.Controller.CardControllerTest" file="/Users/dannipham/dbwebb-kurser/mvc/me/report/tests/Controller/CardControllerTest.php" line="39" assertions="7" time="0.041180"/>
        <testcase name="testCardDeckNew" class="App\Tests\Controller\CardControllerTest" classname="App.Tests.Controller.CardControllerTest" file="/Users/dannipham/dbwebb-kurser/mvc/me/report/tests/Controller/CardControllerTest.php" line="56" assertions="7" time="0.033513"/>
        <testcase name="testCardDeckShuffle" class="App\Tests\Controller\CardControllerTest" classname="App.Tests.Controller.CardControllerTest" file="/Users/dannipham/dbwebb-kurser/mvc/me/report/tests/Controller/CardControllerTest.php" line="72" assertions="7" time="0.040286"/>
        <testcase name="testCardDeckDrawOne" class="App\Tests\Controller\CardControllerTest" classname="App.Tests.Controller.CardControllerTest" file="/Users/dannipham/dbwebb-kurser/mvc/me/report/tests/Controller/CardControllerTest.php" line="85" assertions="6" time="0.055632"/>
        <testcase name="testCardDeckDrawMultiple" class="App\Tests\Controller\CardControllerTest" classname="App.Tests.Controller.CardControllerTest" file="/Users/dannipham/dbwebb-kurser/mvc/me/report/tests/Controller/CardControllerTest.php" line="99" assertions="6" time="0.065051"/>
      </testsuite>
      <testsuite name="App\Tests\Controller\GameControllerTest" file="/Users/dannipham/dbwebb-kurser/mvc/me/report/tests/Controller/GameControllerTest.php" tests="7" assertions="43" errors="0" warnings="0" failures="0" skipped="0" time="0.330085">
        <testcase name="testGameIndex" class="App\Tests\Controller\GameControllerTest" classname="App.Tests.Controller.GameControllerTest" file="/Users/dannipham/dbwebb-kurser/mvc/me/report/tests/Controller/GameControllerTest.php" line="23" assertions="7" time="0.028005"/>
        <testcase name="testGameDoc" class="App\Tests\Controller\GameControllerTest" classname="App.Tests.Controller.GameControllerTest" file="/Users/dannipham/dbwebb-kurser/mvc/me/report/tests/Controller/GameControllerTest.php" line="37" assertions="9" time="0.026161"/>
        <testcase name="testGamePlayInitial" class="App\Tests\Controller\GameControllerTest" classname="App.Tests.Controller.GameControllerTest" file="/Users/dannipham/dbwebb-kurser/mvc/me/report/tests/Controller/GameControllerTest.php" line="56" assertions="6" time="0.027243"/>
        <testcase name="testGameBet" class="App\Tests\Controller\GameControllerTest" classname="App.Tests.Controller.GameControllerTest" file="/Users/dannipham/dbwebb-kurser/mvc/me/report/tests/Controller/GameControllerTest.php" line="67" assertions="5" time="0.051529"/>
        <testcase name="testGameDraw" class="App\Tests\Controller\GameControllerTest" classname="App.Tests.Controller.GameControllerTest" file="/Users/dannipham/dbwebb-kurser/mvc/me/report/tests/Controller/GameControllerTest.php" line="79" assertions="5" time="0.060727"/>
        <testcase name="testGameStand" class="App\Tests\Controller\GameControllerTest" classname="App.Tests.Controller.GameControllerTest" file="/Users/dannipham/dbwebb-kurser/mvc/me/report/tests/Controller/GameControllerTest.php" line="94" assertions="6" time="0.070635"/>
        <testcase name="testGameReset" class="App\Tests\Controller\GameControllerTest" classname="App.Tests.Controller.GameControllerTest" file="/Users/dannipham/dbwebb-kurser/mvc/me/report/tests/Controller/GameControllerTest.php" line="107" assertions="5" time="0.065786"/>
      </testsuite>
      <testsuite name="App\Tests\Controller\LearningItemControllerTest" file="/Users/dannipham/dbwebb-kurser/mvc/me/report/tests/Controller/LearningItemControllerTest.php" tests="5" assertions="31" errors="0" warnings="0" failures="0" skipped="0" time="0.514742">
        <testcase name="testIndexPage" class="App\Tests\Controller\LearningItemControllerTest" classname="App.Tests.Controller.LearningItemControllerTest" file="/Users/dannipham/dbwebb-kurser/mvc/me/report/tests/Controller/LearningItemControllerTest.php" line="31" assertions="3" time="0.025851"/>
        <testcase name="testCreateItem" class="App\Tests\Controller\LearningItemControllerTest" classname="App.Tests.Controller.LearningItemControllerTest" file="/Users/dannipham/dbwebb-kurser/mvc/me/report/tests/Controller/LearningItemControllerTest.php" line="39" assertions="10" time="0.263530"/>
        <testcase name="testShowItem" class="App\Tests\Controller\LearningItemControllerTest" classname="App.Tests.Controller.LearningItemControllerTest" file="/Users/dannipham/dbwebb-kurser/mvc/me/report/tests/Controller/LearningItemControllerTest.php" line="68" assertions="5" time="0.032712"/>
        <testcase name="testEditItem" class="App\Tests\Controller\LearningItemControllerTest" classname="App.Tests.Controller.LearningItemControllerTest" file="/Users/dannipham/dbwebb-kurser/mvc/me/report/tests/Controller/LearningItemControllerTest.php" line="92" assertions="8" time="0.124506"/>
        <testcase name="testDeleteItem" class="App\Tests\Controller\LearningItemControllerTest" classname="App.Tests.Controller.LearningItemControllerTest" file="/Users/dannipham/dbwebb-kurser/mvc/me/report/tests/Controller/LearningItemControllerTest.php" line="126" assertions="5" time="0.068143"/>
      </testsuite>
      <testsuite name="App\Tests\Controller\LibraryControllerTest" file="/Users/dannipham/dbwebb-kurser/mvc/me/report/tests/Controller/LibraryControllerTest.php" tests="6" assertions="27" errors="0" warnings="0" failures="0" skipped="0" time="0.476283">
        <testcase name="testIndexLoads" class="App\Tests\Controller\LibraryControllerTest" classname="App.Tests.Controller.LibraryControllerTest" file="/Users/dannipham/dbwebb-kurser/mvc/me/report/tests/Controller/LibraryControllerTest.php" line="9" assertions="5" time="0.026224"/>
        <testcase name="testShowAllLoads" class="App\Tests\Controller\LibraryControllerTest" classname="App.Tests.Controller.LibraryControllerTest" file="/Users/dannipham/dbwebb-kurser/mvc/me/report/tests/Controller/LibraryControllerTest.php" line="20" assertions="4" time="0.051981"/>
        <testcase name="testCreateBookForm" class="App\Tests\Controller\LibraryControllerTest" classname="App.Tests.Controller.LibraryControllerTest" file="/Users/dannipham/dbwebb-kurser/mvc/me/report/tests/Controller/LibraryControllerTest.php" line="32" assertions="3" time="0.051333"/>
        <testcase name="testUpdateBookForm" class="App\Tests\Controller\LibraryControllerTest" classname="App.Tests.Controller.LibraryControllerTest" file="/Users/dannipham/dbwebb-kurser/mvc/me/report/tests/Controller/LibraryControllerTest.php" line="42" assertions="3" time="0.101318"/>
        <testcase name="testShowBookDetails" class="App\Tests\Controller\LibraryControllerTest" classname="App.Tests.Controller.LibraryControllerTest" file="/Users/dannipham/dbwebb-kurser/mvc/me/report/tests/Controller/LibraryControllerTest.php" line="65" assertions="8" time="0.092538"/>
        <testcase name="testCreateAndDeleteBook" class="App\Tests\Controller\LibraryControllerTest" classname="App.Tests.Controller.LibraryControllerTest" file="/Users/dannipham/dbwebb-kurser/mvc/me/report/tests/Controller/LibraryControllerTest.php" line="91" assertions="4" time="0.152889"/>
      </testsuite>
      <testsuite name="App\Tests\Controller\MeControllerTest" file="/Users/dannipham/dbwebb-kurser/mvc/me/report/tests/Controller/MeControllerTest.php" tests="4" assertions="26" errors="0" warnings="0" failures="0" skipped="0" time="0.132431">
        <testcase name="testHomePage" class="App\Tests\Controller\MeControllerTest" classname="App.Tests.Controller.MeControllerTest" file="/Users/dannipham/dbwebb-kurser/mvc/me/report/tests/Controller/MeControllerTest.php" line="9" assertions="6" time="0.034547"/>
        <testcase name="testAboutPage" class="App\Tests\Controller\MeControllerTest" classname="App.Tests.Controller.MeControllerTest" file="/Users/dannipham/dbwebb-kurser/mvc/me/report/tests/Controller/MeControllerTest.php" line="20" assertions="6" time="0.028409"/>
        <testcase name="testReportPage" class="App\Tests\Controller\MeControllerTest" classname="App.Tests.Controller.MeControllerTest" file="/Users/dannipham/dbwebb-kurser/mvc/me/report/tests/Controller/MeControllerTest.php" line="32" assertions="6" time="0.043814"/>
        <testcase name="testLuckyPage" class="App\Tests\Controller\MeControllerTest" classname="App.Tests.Controller.MeControllerTest" file="/Users/dannipham/dbwebb-kurser/mvc/me/report/tests/Controller/MeControllerTest.php" line="44" assertions="8" time="0.025661"/>
      </testsuite>
      <testsuite name="App\Tests\Controller\MetricsControllerTest" file="/Users/dannipham/dbwebb-kurser/mvc/me/report/tests/Controller/MetricsControllerTest.php" tests="1" assertions="16" errors="0" warnings="0" failures="0" skipped="0" time="0.026139">
        <testcase name="testMetricsIndex" class="App\Tests\Controller\MetricsControllerTest" classname="App.Tests.Controller.MetricsControllerTest" file="/Users/dannipham/dbwebb-kurser/mvc/me/report/tests/Controller/MetricsControllerTest.php" line="9" assertions="16" time="0.026139"/>
      </testsuite>
      <testsuite name="App\Tests\Controller\ProjectControllerTest" file="/Users/dannipham/dbwebb-kurser/mvc/me/report/tests/Controller/ProjectControllerTest.php" tests="2" assertions="17" errors="0" warnings="0" failures="0" skipped="0" time="0.043487">
        <testcase name="testProjectHomePage" class="App\Tests\Controller\ProjectControllerTest" classname="App.Tests.Controller.ProjectControllerTest" file="/Users/dannipham/dbwebb-kurser/mvc/me/report/tests/Controller/ProjectControllerTest.php" line="9" assertions="8" time="0.020004"/>
        <testcase name="testProjectAboutPage" class="App\Tests\Controller\ProjectControllerTest" classname="App.Tests.Controller.ProjectControllerTest" file="/Users/dannipham/dbwebb-kurser/mvc/me/report/tests/Controller/ProjectControllerTest.php" line="23" assertions="9" time="0.023483"/>
      </testsuite>
      <testsuite name="App\Tests\Form\BookTypeTest" file="/Users/dannipham/dbwebb-kurser/mvc/me/report/tests/Form/BookTypeTest.php" tests="1" assertions="5" errors="0" warnings="0" failures="0" skipped="0" time="0.047462">
        <testcase name="testBuildForm" class="App\Tests\Form\BookTypeTest" classname="App.Tests.Form.BookTypeTest" file="/Users/dannipham/dbwebb-kurser/mvc/me/report/tests/Form/BookTypeTest.php" line="11" assertions="5" time="0.047462"/>
      </testsuite>
      <testsuite name="App\Tests\Repository\BookRepositoryTest" file="/Users/dannipham/dbwebb-kurser/mvc/me/report/tests/Library/BookRepositoryTest.php" tests="1" assertions="1" errors="0" warnings="0" failures="0" skipped="0" time="0.002193">
        <testcase name="testRepositoryInstantiation" class="App\Tests\Repository\BookRepositoryTest" classname="App.Tests.Repository.BookRepositoryTest" file="/Users/dannipham/dbwebb-kurser/mvc/me/report/tests/Library/BookRepositoryTest.php" line="26" assertions="1" time="0.002193"/>
      </testsuite>
      <testsuite name="App\Tests\Entity\BookTest" file="/Users/dannipham/dbwebb-kurser/mvc/me/report/tests/Library/BookTest.php" tests="6" assertions="7" errors="0" warnings="0" failures="0" skipped="0" time="0.002305">
        <testcase name="testCreateBook" class="App\Tests\Entity\BookTest" classname="App.Tests.Entity.BookTest" file="/Users/dannipham/dbwebb-kurser/mvc/me/report/tests/Library/BookTest.php" line="13" assertions="1" time="0.000376"/>
        <testcase name="testTitle" class="App\Tests\Entity\BookTest" classname="App.Tests.Entity.BookTest" file="/Users/dannipham/dbwebb-kurser/mvc/me/report/tests/Library/BookTest.php" line="22" assertions="1" time="0.000381"/>
        <testcase name="testIsbn" class="App\Tests\Entity\BookTest" classname="App.Tests.Entity.BookTest" file="/Users/dannipham/dbwebb-kurser/mvc/me/report/tests/Library/BookTest.php" line="32" assertions="1" time="0.000388"/>
        <testcase name="testAuthor" class="App\Tests\Entity\BookTest" classname="App.Tests.Entity.BookTest" file="/Users/dannipham/dbwebb-kurser/mvc/me/report/tests/Library/BookTest.php" line="42" assertions="1" time="0.000385"/>
        <testcase name="testImage" class="App\Tests\Entity\BookTest" classname="App.Tests.Entity.BookTest" file="/Users/dannipham/dbwebb-kurser/mvc/me/report/tests/Library/BookTest.php" line="52" assertions="2" time="0.000400"/>
        <testcase name="testId" class="App\Tests\Entity\BookTest" classname="App.Tests.Entity.BookTest" file="/Users/dannipham/dbwebb-kurser/mvc/me/report/tests/Library/BookTest.php" line="65" assertions="1" time="0.000375"/>
      </testsuite>
    </testsuite>
  </testsuite>
</testsuites>
