<?xml version="1.0" encoding="UTF-8"?>
<testsuites>
  <testsuite name="" tests="82" assertions="349" errors="0" warnings="0" failures="0" skipped="0" time="3.673050">
    <testsuite name="Project Test Suite" tests="82" assertions="349" errors="0" warnings="0" failures="0" skipped="0" time="3.673050">
      <testsuite name="App\Tests\Card\CardGraphicTest" file="/Users/dannipham/dbwebb-kurser/mvc/me/report/tests/Card/CardGraphicTest.php" tests="2" assertions="4" errors="0" warnings="0" failures="0" skipped="0" time="0.012450">
        <testcase name="testGetSvgUrl" class="App\Tests\Card\CardGraphicTest" classname="App.Tests.Card.CardGraphicTest" file="/Users/dannipham/dbwebb-kurser/mvc/me/report/tests/Card/CardGraphicTest.php" line="16" assertions="2" time="0.012044"/>
        <testcase name="testGetAsString" class="App\Tests\Card\CardGraphicTest" classname="App.Tests.Card.CardGraphicTest" file="/Users/dannipham/dbwebb-kurser/mvc/me/report/tests/Card/CardGraphicTest.php" line="28" assertions="2" time="0.000406"/>
      </testsuite>
      <testsuite name="App\Tests\Card\CardHandTest" file="/Users/dannipham/dbwebb-kurser/mvc/me/report/tests/Card/CardHandTest.php" tests="4" assertions="6" errors="0" warnings="0" failures="0" skipped="0" time="0.005016">
        <testcase name="testAddCardAndGetCards" class="App\Tests\Card\CardHandTest" classname="App.Tests.Card.CardHandTest" file="/Users/dannipham/dbwebb-kurser/mvc/me/report/tests/Card/CardHandTest.php" line="17" assertions="2" time="0.002698"/>
        <testcase name="testToArray" class="App\Tests\Card\CardHandTest" classname="App.Tests.Card.CardHandTest" file="/Users/dannipham/dbwebb-kurser/mvc/me/report/tests/Card/CardHandTest.php" line="29" assertions="1" time="0.000511"/>
        <testcase name="testFromArray" class="App\Tests\Card\CardHandTest" classname="App.Tests.Card.CardHandTest" file="/Users/dannipham/dbwebb-kurser/mvc/me/report/tests/Card/CardHandTest.php" line="41" assertions="2" time="0.000399"/>
        <testcase name="testEmptyHand" class="App\Tests\Card\CardHandTest" classname="App.Tests.Card.CardHandTest" file="/Users/dannipham/dbwebb-kurser/mvc/me/report/tests/Card/CardHandTest.php" line="52" assertions="1" time="0.001408"/>
      </testsuite>
      <testsuite name="App\Tests\Card\CardTest" file="/Users/dannipham/dbwebb-kurser/mvc/me/report/tests/Card/CardTest.php" tests="3" assertions="6" errors="0" warnings="0" failures="0" skipped="0" time="0.001686">
        <testcase name="testConstructAndGetters" class="App\Tests\Card\CardTest" classname="App.Tests.Card.CardTest" file="/Users/dannipham/dbwebb-kurser/mvc/me/report/tests/Card/CardTest.php" line="16" assertions="3" time="0.000449"/>
        <testcase name="testToArray" class="App\Tests\Card\CardTest" classname="App.Tests.Card.CardTest" file="/Users/dannipham/dbwebb-kurser/mvc/me/report/tests/Card/CardTest.php" line="27" assertions="1" time="0.000717"/>
        <testcase name="testFromArray" class="App\Tests\Card\CardTest" classname="App.Tests.Card.CardTest" file="/Users/dannipham/dbwebb-kurser/mvc/me/report/tests/Card/CardTest.php" line="37" assertions="2" time="0.000520"/>
      </testsuite>
      <testsuite name="App\Tests\Card\DeckOfCardsTest" file="/Users/dannipham/dbwebb-kurser/mvc/me/report/tests/Card/DeckOfCardsTest.php" tests="7" assertions="11" errors="0" warnings="0" failures="0" skipped="0" time="0.030445">
        <testcase name="testConstruct" class="App\Tests\Card\DeckOfCardsTest" classname="App.Tests.Card.DeckOfCardsTest" file="/Users/dannipham/dbwebb-kurser/mvc/me/report/tests/Card/DeckOfCardsTest.php" line="16" assertions="1" time="0.003672"/>
        <testcase name="testDraw" class="App\Tests\Card\DeckOfCardsTest" classname="App.Tests.Card.DeckOfCardsTest" file="/Users/dannipham/dbwebb-kurser/mvc/me/report/tests/Card/DeckOfCardsTest.php" line="25" assertions="2" time="0.000968"/>
        <testcase name="testDrawTooManyCards" class="App\Tests\Card\DeckOfCardsTest" classname="App.Tests.Card.DeckOfCardsTest" file="/Users/dannipham/dbwebb-kurser/mvc/me/report/tests/Card/DeckOfCardsTest.php" line="36" assertions="1" time="0.001832"/>
        <testcase name="testShuffle" class="App\Tests\Card\DeckOfCardsTest" classname="App.Tests.Card.DeckOfCardsTest" file="/Users/dannipham/dbwebb-kurser/mvc/me/report/tests/Card/DeckOfCardsTest.php" line="46" assertions="2" time="0.018777"/>
        <testcase name="testGetSortedCards" class="App\Tests\Card\DeckOfCardsTest" classname="App.Tests.Card.DeckOfCardsTest" file="/Users/dannipham/dbwebb-kurser/mvc/me/report/tests/Card/DeckOfCardsTest.php" line="59" assertions="2" time="0.003407"/>
        <testcase name="testToArrayAndFromArray" class="App\Tests\Card\DeckOfCardsTest" classname="App.Tests.Card.DeckOfCardsTest" file="/Users/dannipham/dbwebb-kurser/mvc/me/report/tests/Card/DeckOfCardsTest.php" line="71" assertions="1" time="0.000964"/>
        <testcase name="testGetCardCount" class="App\Tests\Card\DeckOfCardsTest" classname="App.Tests.Card.DeckOfCardsTest" file="/Users/dannipham/dbwebb-kurser/mvc/me/report/tests/Card/DeckOfCardsTest.php" line="82" assertions="2" time="0.000824"/>
      </testsuite>
      <testsuite name="App\Tests\Card\Game21Test" file="/Users/dannipham/dbwebb-kurser/mvc/me/report/tests/Card/Game21Test.php" tests="7" assertions="22" errors="0" warnings="0" failures="0" skipped="0" time="0.014430">
        <testcase name="testConstruct" class="App\Tests\Card\Game21Test" classname="App.Tests.Card.Game21Test" file="/Users/dannipham/dbwebb-kurser/mvc/me/report/tests/Card/Game21Test.php" line="11" assertions="7" time="0.006546"/>
        <testcase name="testDealInitialCard" class="App\Tests\Card\Game21Test" classname="App.Tests.Card.Game21Test" file="/Users/dannipham/dbwebb-kurser/mvc/me/report/tests/Card/Game21Test.php" line="23" assertions="2" time="0.001158"/>
        <testcase name="testPlaceBet" class="App\Tests\Card\Game21Test" classname="App.Tests.Card.Game21Test" file="/Users/dannipham/dbwebb-kurser/mvc/me/report/tests/Card/Game21Test.php" line="31" assertions="5" time="0.000946"/>
        <testcase name="testPlaceBetInvalid" class="App\Tests\Card\Game21Test" classname="App.Tests.Card.Game21Test" file="/Users/dannipham/dbwebb-kurser/mvc/me/report/tests/Card/Game21Test.php" line="42" assertions="1" time="0.001020"/>
        <testcase name="testPlayerDrawBust" class="App\Tests\Card\Game21Test" classname="App.Tests.Card.Game21Test" file="/Users/dannipham/dbwebb-kurser/mvc/me/report/tests/Card/Game21Test.php" line="49" assertions="2" time="0.001197"/>
        <testcase name="testPlayerDrawTo21" class="App\Tests\Card\Game21Test" classname="App.Tests.Card.Game21Test" file="/Users/dannipham/dbwebb-kurser/mvc/me/report/tests/Card/Game21Test.php" line="67" assertions="1" time="0.001192"/>
        <testcase name="testPlayerStandAndBankPlay" class="App\Tests\Card\Game21Test" classname="App.Tests.Card.Game21Test" file="/Users/dannipham/dbwebb-kurser/mvc/me/report/tests/Card/Game21Test.php" line="85" assertions="4" time="0.002370"/>
      </testsuite>
      <testsuite name="App\Tests\Card\PlayerTest" file="/Users/dannipham/dbwebb-kurser/mvc/me/report/tests/Card/PlayerTest.php" tests="7" assertions="13" errors="0" warnings="0" failures="0" skipped="0" time="0.003837">
        <testcase name="testConstructAndGetters" class="App\Tests\Card\PlayerTest" classname="App.Tests.Card.PlayerTest" file="/Users/dannipham/dbwebb-kurser/mvc/me/report/tests/Card/PlayerTest.php" line="18" assertions="4" time="0.000944"/>
        <testcase name="testAddCardAndScore" class="App\Tests\Card\PlayerTest" classname="App.Tests.Card.PlayerTest" file="/Users/dannipham/dbwebb-kurser/mvc/me/report/tests/Card/PlayerTest.php" line="30" assertions="1" time="0.000395"/>
        <testcase name="testScoreWithMultipleAces" class="App\Tests\Card\PlayerTest" classname="App.Tests.Card.PlayerTest" file="/Users/dannipham/dbwebb-kurser/mvc/me/report/tests/Card/PlayerTest.php" line="50" assertions="1" time="0.000400"/>
        <testcase name="testStand" class="App\Tests\Card\PlayerTest" classname="App.Tests.Card.PlayerTest" file="/Users/dannipham/dbwebb-kurser/mvc/me/report/tests/Card/PlayerTest.php" line="69" assertions="1" time="0.000793"/>
        <testcase name="testMoneyOperations" class="App\Tests\Card\PlayerTest" classname="App.Tests.Card.PlayerTest" file="/Users/dannipham/dbwebb-kurser/mvc/me/report/tests/Card/PlayerTest.php" line="79" assertions="2" time="0.000432"/>
        <testcase name="testDeductMoneyException" class="App\Tests\Card\PlayerTest" classname="App.Tests.Card.PlayerTest" file="/Users/dannipham/dbwebb-kurser/mvc/me/report/tests/Card/PlayerTest.php" line="91" assertions="1" time="0.000432"/>
        <testcase name="testToArrayAndFromArray" class="App\Tests\Card\PlayerTest" classname="App.Tests.Card.PlayerTest" file="/Users/dannipham/dbwebb-kurser/mvc/me/report/tests/Card/PlayerTest.php" line="101" assertions="3" time="0.000441"/>
      </testsuite>
      <testsuite name="App\Tests\Command\SeedBooksCommandTest" file="/Users/dannipham/dbwebb-kurser/mvc/me/report/tests/Command/SeedBooksCommandTest.php" tests="1" assertions="15" errors="0" warnings="0" failures="0" skipped="0" time="0.820444">
        <testcase name="testExecuteSeedsThreeBooks" class="App\Tests\Command\SeedBooksCommandTest" classname="App.Tests.Command.SeedBooksCommandTest" file="/Users/dannipham/dbwebb-kurser/mvc/me/report/tests/Command/SeedBooksCommandTest.php" line="13" assertions="15" time="0.820444"/>
      </testsuite>
      <testsuite name="App\Tests\Controller\ApiControllerTest" file="/Users/dannipham/dbwebb-kurser/mvc/me/report/tests/Controller/ApiControllerTest.php" tests="11" assertions="51" errors="0" warnings="0" failures="0" skipped="0" time="0.531066">
        <testcase name="testApiLandingPage" class="App\Tests\Controller\ApiControllerTest" classname="App.Tests.Controller.ApiControllerTest" file="/Users/dannipham/dbwebb-kurser/mvc/me/report/tests/Controller/ApiControllerTest.php" line="20" assertions="6" time="0.256133"/>
        <testcase name="testApiQuote" class="App\Tests\Controller\ApiControllerTest" classname="App.Tests.Controller.ApiControllerTest" file="/Users/dannipham/dbwebb-kurser/mvc/me/report/tests/Controller/ApiControllerTest.php" line="33" assertions="6" time="0.015230"/>
        <testcase name="testApiTime" class="App\Tests\Controller\ApiControllerTest" classname="App.Tests.Controller.ApiControllerTest" file="/Users/dannipham/dbwebb-kurser/mvc/me/report/tests/Controller/ApiControllerTest.php" line="51" assertions="4" time="0.010908"/>
        <testcase name="testApiDeck" class="App\Tests\Controller\ApiControllerTest" classname="App.Tests.Controller.ApiControllerTest" file="/Users/dannipham/dbwebb-kurser/mvc/me/report/tests/Controller/ApiControllerTest.php" line="67" assertions="5" time="0.061855"/>
        <testcase name="testApiShuffle" class="App\Tests\Controller\ApiControllerTest" classname="App.Tests.Controller.ApiControllerTest" file="/Users/dannipham/dbwebb-kurser/mvc/me/report/tests/Controller/ApiControllerTest.php" line="91" assertions="5" time="0.019453"/>
        <testcase name="testApiDrawOneCard" class="App\Tests\Controller\ApiControllerTest" classname="App.Tests.Controller.ApiControllerTest" file="/Users/dannipham/dbwebb-kurser/mvc/me/report/tests/Controller/ApiControllerTest.php" line="108" assertions="4" time="0.041428"/>
        <testcase name="testApiDrawMultipleCards" class="App\Tests\Controller\ApiControllerTest" classname="App.Tests.Controller.ApiControllerTest" file="/Users/dannipham/dbwebb-kurser/mvc/me/report/tests/Controller/ApiControllerTest.php" line="125" assertions="4" time="0.036406"/>
        <testcase name="testApiLibraryBooks" class="App\Tests\Controller\ApiControllerTest" classname="App.Tests.Controller.ApiControllerTest" file="/Users/dannipham/dbwebb-kurser/mvc/me/report/tests/Controller/ApiControllerTest.php" line="142" assertions="5" time="0.031481"/>
        <testcase name="testApiLibraryBookByIsbn" class="App\Tests\Controller\ApiControllerTest" classname="App.Tests.Controller.ApiControllerTest" file="/Users/dannipham/dbwebb-kurser/mvc/me/report/tests/Controller/ApiControllerTest.php" line="158" assertions="3" time="0.020556"/>
        <testcase name="testShowAllBooksJson" class="App\Tests\Controller\ApiControllerTest" classname="App.Tests.Controller.ApiControllerTest" file="/Users/dannipham/dbwebb-kurser/mvc/me/report/tests/Controller/ApiControllerTest.php" line="173" assertions="6" time="0.021548"/>
        <testcase name="testShowBookByIsbnJson" class="App\Tests\Controller\ApiControllerTest" classname="App.Tests.Controller.ApiControllerTest" file="/Users/dannipham/dbwebb-kurser/mvc/me/report/tests/Controller/ApiControllerTest.php" line="190" assertions="3" time="0.016068"/>
      </testsuite>
      <testsuite name="App\Tests\Controller\CardControllerTest" file="/Users/dannipham/dbwebb-kurser/mvc/me/report/tests/Controller/CardControllerTest.php" tests="7" assertions="44" errors="0" warnings="0" failures="0" skipped="0" time="0.309325">
        <testcase name="testCardIndex" class="App\Tests\Controller\CardControllerTest" classname="App.Tests.Controller.CardControllerTest" file="/Users/dannipham/dbwebb-kurser/mvc/me/report/tests/Controller/CardControllerTest.php" line="19" assertions="6" time="0.033309"/>
        <testcase name="testSessionShowEmpty" class="App\Tests\Controller\CardControllerTest" classname="App.Tests.Controller.CardControllerTest" file="/Users/dannipham/dbwebb-kurser/mvc/me/report/tests/Controller/CardControllerTest.php" line="30" assertions="5" time="0.027058"/>
        <testcase name="testSessionDelete" class="App\Tests\Controller\CardControllerTest" classname="App.Tests.Controller.CardControllerTest" file="/Users/dannipham/dbwebb-kurser/mvc/me/report/tests/Controller/CardControllerTest.php" line="39" assertions="7" time="0.042783"/>
        <testcase name="testCardDeckNew" class="App\Tests\Controller\CardControllerTest" classname="App.Tests.Controller.CardControllerTest" file="/Users/dannipham/dbwebb-kurser/mvc/me/report/tests/Controller/CardControllerTest.php" line="56" assertions="7" time="0.042557"/>
        <testcase name="testCardDeckShuffle" class="App\Tests\Controller\CardControllerTest" classname="App.Tests.Controller.CardControllerTest" file="/Users/dannipham/dbwebb-kurser/mvc/me/report/tests/Controller/CardControllerTest.php" line="72" assertions="7" time="0.037150"/>
        <testcase name="testCardDeckDrawOne" class="App\Tests\Controller\CardControllerTest" classname="App.Tests.Controller.CardControllerTest" file="/Users/dannipham/dbwebb-kurser/mvc/me/report/tests/Controller/CardControllerTest.php" line="85" assertions="6" time="0.068510"/>
        <testcase name="testCardDeckDrawMultiple" class="App\Tests\Controller\CardControllerTest" classname="App.Tests.Controller.CardControllerTest" file="/Users/dannipham/dbwebb-kurser/mvc/me/report/tests/Controller/CardControllerTest.php" line="99" assertions="6" time="0.057958"/>
      </testsuite>
      <testsuite name="App\Tests\Controller\GameControllerTest" file="/Users/dannipham/dbwebb-kurser/mvc/me/report/tests/Controller/GameControllerTest.php" tests="7" assertions="43" errors="0" warnings="0" failures="0" skipped="0" time="0.409569">
        <testcase name="testGameIndex" class="App\Tests\Controller\GameControllerTest" classname="App.Tests.Controller.GameControllerTest" file="/Users/dannipham/dbwebb-kurser/mvc/me/report/tests/Controller/GameControllerTest.php" line="23" assertions="7" time="0.037848"/>
        <testcase name="testGameDoc" class="App\Tests\Controller\GameControllerTest" classname="App.Tests.Controller.GameControllerTest" file="/Users/dannipham/dbwebb-kurser/mvc/me/report/tests/Controller/GameControllerTest.php" line="37" assertions="9" time="0.027000"/>
        <testcase name="testGamePlayInitial" class="App\Tests\Controller\GameControllerTest" classname="App.Tests.Controller.GameControllerTest" file="/Users/dannipham/dbwebb-kurser/mvc/me/report/tests/Controller/GameControllerTest.php" line="56" assertions="6" time="0.041584"/>
        <testcase name="testGameBet" class="App\Tests\Controller\GameControllerTest" classname="App.Tests.Controller.GameControllerTest" file="/Users/dannipham/dbwebb-kurser/mvc/me/report/tests/Controller/GameControllerTest.php" line="67" assertions="5" time="0.069891"/>
        <testcase name="testGameDraw" class="App\Tests\Controller\GameControllerTest" classname="App.Tests.Controller.GameControllerTest" file="/Users/dannipham/dbwebb-kurser/mvc/me/report/tests/Controller/GameControllerTest.php" line="79" assertions="5" time="0.101186"/>
        <testcase name="testGameStand" class="App\Tests\Controller\GameControllerTest" classname="App.Tests.Controller.GameControllerTest" file="/Users/dannipham/dbwebb-kurser/mvc/me/report/tests/Controller/GameControllerTest.php" line="94" assertions="6" time="0.069829"/>
        <testcase name="testGameReset" class="App\Tests\Controller\GameControllerTest" classname="App.Tests.Controller.GameControllerTest" file="/Users/dannipham/dbwebb-kurser/mvc/me/report/tests/Controller/GameControllerTest.php" line="107" assertions="5" time="0.062231"/>
      </testsuite>
      <testsuite name="App\Tests\Controller\LearningItemControllerTest" file="/Users/dannipham/dbwebb-kurser/mvc/me/report/tests/Controller/LearningItemControllerTest.php" tests="5" assertions="31" errors="0" warnings="0" failures="0" skipped="0" time="0.730544">
        <testcase name="testIndexPage" class="App\Tests\Controller\LearningItemControllerTest" classname="App.Tests.Controller.LearningItemControllerTest" file="/Users/dannipham/dbwebb-kurser/mvc/me/report/tests/Controller/LearningItemControllerTest.php" line="31" assertions="3" time="0.035922"/>
        <testcase name="testCreateItem" class="App\Tests\Controller\LearningItemControllerTest" classname="App.Tests.Controller.LearningItemControllerTest" file="/Users/dannipham/dbwebb-kurser/mvc/me/report/tests/Controller/LearningItemControllerTest.php" line="39" assertions="10" time="0.413065"/>
        <testcase name="testShowItem" class="App\Tests\Controller\LearningItemControllerTest" classname="App.Tests.Controller.LearningItemControllerTest" file="/Users/dannipham/dbwebb-kurser/mvc/me/report/tests/Controller/LearningItemControllerTest.php" line="68" assertions="5" time="0.062142"/>
        <testcase name="testEditItem" class="App\Tests\Controller\LearningItemControllerTest" classname="App.Tests.Controller.LearningItemControllerTest" file="/Users/dannipham/dbwebb-kurser/mvc/me/report/tests/Controller/LearningItemControllerTest.php" line="92" assertions="8" time="0.149782"/>
        <testcase name="testDeleteItem" class="App\Tests\Controller\LearningItemControllerTest" classname="App.Tests.Controller.LearningItemControllerTest" file="/Users/dannipham/dbwebb-kurser/mvc/me/report/tests/Controller/LearningItemControllerTest.php" line="126" assertions="5" time="0.069633"/>
      </testsuite>
      <testsuite name="App\Tests\Controller\LibraryControllerTest" file="/Users/dannipham/dbwebb-kurser/mvc/me/report/tests/Controller/LibraryControllerTest.php" tests="6" assertions="31" errors="0" warnings="0" failures="0" skipped="0" time="0.551588">
        <testcase name="testIndexLoads" class="App\Tests\Controller\LibraryControllerTest" classname="App.Tests.Controller.LibraryControllerTest" file="/Users/dannipham/dbwebb-kurser/mvc/me/report/tests/Controller/LibraryControllerTest.php" line="20" assertions="5" time="0.026312"/>
        <testcase name="testShowAllLoads" class="App\Tests\Controller\LibraryControllerTest" classname="App.Tests.Controller.LibraryControllerTest" file="/Users/dannipham/dbwebb-kurser/mvc/me/report/tests/Controller/LibraryControllerTest.php" line="30" assertions="4" time="0.061340"/>
        <testcase name="testCreateBookForm" class="App\Tests\Controller\LibraryControllerTest" classname="App.Tests.Controller.LibraryControllerTest" file="/Users/dannipham/dbwebb-kurser/mvc/me/report/tests/Controller/LibraryControllerTest.php" line="41" assertions="3" time="0.051639"/>
        <testcase name="testUpdateBookForm" class="App\Tests\Controller\LibraryControllerTest" classname="App.Tests.Controller.LibraryControllerTest" file="/Users/dannipham/dbwebb-kurser/mvc/me/report/tests/Controller/LibraryControllerTest.php" line="50" assertions="3" time="0.106821"/>
        <testcase name="testShowBookDetails" class="App\Tests\Controller\LibraryControllerTest" classname="App.Tests.Controller.LibraryControllerTest" file="/Users/dannipham/dbwebb-kurser/mvc/me/report/tests/Controller/LibraryControllerTest.php" line="67" assertions="8" time="0.094362"/>
        <testcase name="testCreateAndDeleteBook" class="App\Tests\Controller\LibraryControllerTest" classname="App.Tests.Controller.LibraryControllerTest" file="/Users/dannipham/dbwebb-kurser/mvc/me/report/tests/Controller/LibraryControllerTest.php" line="87" assertions="8" time="0.211115"/>
      </testsuite>
      <testsuite name="App\Tests\Controller\MeControllerTest" file="/Users/dannipham/dbwebb-kurser/mvc/me/report/tests/Controller/MeControllerTest.php" tests="4" assertions="26" errors="0" warnings="0" failures="0" skipped="0" time="0.123997">
        <testcase name="testHomePage" class="App\Tests\Controller\MeControllerTest" classname="App.Tests.Controller.MeControllerTest" file="/Users/dannipham/dbwebb-kurser/mvc/me/report/tests/Controller/MeControllerTest.php" line="9" assertions="6" time="0.027064"/>
        <testcase name="testAboutPage" class="App\Tests\Controller\MeControllerTest" classname="App.Tests.Controller.MeControllerTest" file="/Users/dannipham/dbwebb-kurser/mvc/me/report/tests/Controller/MeControllerTest.php" line="20" assertions="6" time="0.025008"/>
        <testcase name="testReportPage" class="App\Tests\Controller\MeControllerTest" classname="App.Tests.Controller.MeControllerTest" file="/Users/dannipham/dbwebb-kurser/mvc/me/report/tests/Controller/MeControllerTest.php" line="32" assertions="6" time="0.037890"/>
        <testcase name="testLuckyPage" class="App\Tests\Controller\MeControllerTest" classname="App.Tests.Controller.MeControllerTest" file="/Users/dannipham/dbwebb-kurser/mvc/me/report/tests/Controller/MeControllerTest.php" line="44" assertions="8" time="0.034035"/>
      </testsuite>
      <testsuite name="App\Tests\Controller\MetricsControllerTest" file="/Users/dannipham/dbwebb-kurser/mvc/me/report/tests/Controller/MetricsControllerTest.php" tests="1" assertions="16" errors="0" warnings="0" failures="0" skipped="0" time="0.028521">
        <testcase name="testMetricsIndex" class="App\Tests\Controller\MetricsControllerTest" classname="App.Tests.Controller.MetricsControllerTest" file="/Users/dannipham/dbwebb-kurser/mvc/me/report/tests/Controller/MetricsControllerTest.php" line="9" assertions="16" time="0.028521"/>
      </testsuite>
      <testsuite name="App\Tests\Controller\ProjectControllerTest" file="/Users/dannipham/dbwebb-kurser/mvc/me/report/tests/Controller/ProjectControllerTest.php" tests="2" assertions="17" errors="0" warnings="0" failures="0" skipped="0" time="0.040524">
        <testcase name="testProjectHomePage" class="App\Tests\Controller\ProjectControllerTest" classname="App.Tests.Controller.ProjectControllerTest" file="/Users/dannipham/dbwebb-kurser/mvc/me/report/tests/Controller/ProjectControllerTest.php" line="9" assertions="8" time="0.020348"/>
        <testcase name="testProjectAboutPage" class="App\Tests\Controller\ProjectControllerTest" classname="App.Tests.Controller.ProjectControllerTest" file="/Users/dannipham/dbwebb-kurser/mvc/me/report/tests/Controller/ProjectControllerTest.php" line="23" assertions="9" time="0.020176"/>
      </testsuite>
      <testsuite name="App\Tests\Form\BookTypeTest" file="/Users/dannipham/dbwebb-kurser/mvc/me/report/tests/Form/BookTypeTest.php" tests="1" assertions="5" errors="0" warnings="0" failures="0" skipped="0" time="0.054770">
        <testcase name="testBuildForm" class="App\Tests\Form\BookTypeTest" classname="App.Tests.Form.BookTypeTest" file="/Users/dannipham/dbwebb-kurser/mvc/me/report/tests/Form/BookTypeTest.php" line="11" assertions="5" time="0.054770"/>
      </testsuite>
      <testsuite name="App\Tests\Repository\BookRepositoryTest" file="/Users/dannipham/dbwebb-kurser/mvc/me/report/tests/Library/BookRepositoryTest.php" tests="1" assertions="1" errors="0" warnings="0" failures="0" skipped="0" time="0.002383">
        <testcase name="testRepositoryInstantiation" class="App\Tests\Repository\BookRepositoryTest" classname="App.Tests.Repository.BookRepositoryTest" file="/Users/dannipham/dbwebb-kurser/mvc/me/report/tests/Library/BookRepositoryTest.php" line="26" assertions="1" time="0.002383"/>
      </testsuite>
      <testsuite name="App\Tests\Entity\BookTest" file="/Users/dannipham/dbwebb-kurser/mvc/me/report/tests/Library/BookTest.php" tests="6" assertions="7" errors="0" warnings="0" failures="0" skipped="0" time="0.002455">
        <testcase name="testCreateBook" class="App\Tests\Entity\BookTest" classname="App.Tests.Entity.BookTest" file="/Users/dannipham/dbwebb-kurser/mvc/me/report/tests/Library/BookTest.php" line="13" assertions="1" time="0.000386"/>
        <testcase name="testTitle" class="App\Tests\Entity\BookTest" classname="App.Tests.Entity.BookTest" file="/Users/dannipham/dbwebb-kurser/mvc/me/report/tests/Library/BookTest.php" line="22" assertions="1" time="0.000434"/>
        <testcase name="testIsbn" class="App\Tests\Entity\BookTest" classname="App.Tests.Entity.BookTest" file="/Users/dannipham/dbwebb-kurser/mvc/me/report/tests/Library/BookTest.php" line="32" assertions="1" time="0.000353"/>
        <testcase name="testAuthor" class="App\Tests\Entity\BookTest" classname="App.Tests.Entity.BookTest" file="/Users/dannipham/dbwebb-kurser/mvc/me/report/tests/Library/BookTest.php" line="42" assertions="1" time="0.000347"/>
        <testcase name="testImage" class="App\Tests\Entity\BookTest" classname="App.Tests.Entity.BookTest" file="/Users/dannipham/dbwebb-kurser/mvc/me/report/tests/Library/BookTest.php" line="52" assertions="2" time="0.000353"/>
        <testcase name="testId" class="App\Tests\Entity\BookTest" classname="App.Tests.Entity.BookTest" file="/Users/dannipham/dbwebb-kurser/mvc/me/report/tests/Library/BookTest.php" line="65" assertions="1" time="0.000582"/>
      </testsuite>
    </testsuite>
  </testsuite>
</testsuites>
