<?xml version="1.0" encoding="UTF-8"?>
<testsuites>
  <testsuite name="" tests="82" assertions="345" errors="0" warnings="0" failures="0" skipped="0" time="3.649237">
    <testsuite name="Project Test Suite" tests="82" assertions="345" errors="0" warnings="0" failures="0" skipped="0" time="3.649237">
      <testsuite name="App\Tests\Card\CardGraphicTest" file="/Users/dannipham/dbwebb-kurser/mvc/me/report/tests/Card/CardGraphicTest.php" tests="2" assertions="4" errors="0" warnings="0" failures="0" skipped="0" time="0.010414">
        <testcase name="testGetSvgUrl" class="App\Tests\Card\CardGraphicTest" classname="App.Tests.Card.CardGraphicTest" file="/Users/dannipham/dbwebb-kurser/mvc/me/report/tests/Card/CardGraphicTest.php" line="16" assertions="2" time="0.009993"/>
        <testcase name="testGetAsString" class="App\Tests\Card\CardGraphicTest" classname="App.Tests.Card.CardGraphicTest" file="/Users/dannipham/dbwebb-kurser/mvc/me/report/tests/Card/CardGraphicTest.php" line="28" assertions="2" time="0.000421"/>
      </testsuite>
      <testsuite name="App\Tests\Card\CardHandTest" file="/Users/dannipham/dbwebb-kurser/mvc/me/report/tests/Card/CardHandTest.php" tests="4" assertions="6" errors="0" warnings="0" failures="0" skipped="0" time="0.003469">
        <testcase name="testAddCardAndGetCards" class="App\Tests\Card\CardHandTest" classname="App.Tests.Card.CardHandTest" file="/Users/dannipham/dbwebb-kurser/mvc/me/report/tests/Card/CardHandTest.php" line="17" assertions="2" time="0.001732"/>
        <testcase name="testToArray" class="App\Tests\Card\CardHandTest" classname="App.Tests.Card.CardHandTest" file="/Users/dannipham/dbwebb-kurser/mvc/me/report/tests/Card/CardHandTest.php" line="29" assertions="1" time="0.000455"/>
        <testcase name="testFromArray" class="App\Tests\Card\CardHandTest" classname="App.Tests.Card.CardHandTest" file="/Users/dannipham/dbwebb-kurser/mvc/me/report/tests/Card/CardHandTest.php" line="41" assertions="2" time="0.000409"/>
        <testcase name="testEmptyHand" class="App\Tests\Card\CardHandTest" classname="App.Tests.Card.CardHandTest" file="/Users/dannipham/dbwebb-kurser/mvc/me/report/tests/Card/CardHandTest.php" line="52" assertions="1" time="0.000874"/>
      </testsuite>
      <testsuite name="App\Tests\Card\CardTest" file="/Users/dannipham/dbwebb-kurser/mvc/me/report/tests/Card/CardTest.php" tests="3" assertions="6" errors="0" warnings="0" failures="0" skipped="0" time="0.001129">
        <testcase name="testConstructAndGetters" class="App\Tests\Card\CardTest" classname="App.Tests.Card.CardTest" file="/Users/dannipham/dbwebb-kurser/mvc/me/report/tests/Card/CardTest.php" line="16" assertions="3" time="0.000351"/>
        <testcase name="testToArray" class="App\Tests\Card\CardTest" classname="App.Tests.Card.CardTest" file="/Users/dannipham/dbwebb-kurser/mvc/me/report/tests/Card/CardTest.php" line="27" assertions="1" time="0.000367"/>
        <testcase name="testFromArray" class="App\Tests\Card\CardTest" classname="App.Tests.Card.CardTest" file="/Users/dannipham/dbwebb-kurser/mvc/me/report/tests/Card/CardTest.php" line="37" assertions="2" time="0.000411"/>
      </testsuite>
      <testsuite name="App\Tests\Card\DeckOfCardsTest" file="/Users/dannipham/dbwebb-kurser/mvc/me/report/tests/Card/DeckOfCardsTest.php" tests="7" assertions="11" errors="0" warnings="0" failures="0" skipped="0" time="0.035032">
        <testcase name="testConstruct" class="App\Tests\Card\DeckOfCardsTest" classname="App.Tests.Card.DeckOfCardsTest" file="/Users/dannipham/dbwebb-kurser/mvc/me/report/tests/Card/DeckOfCardsTest.php" line="16" assertions="1" time="0.003103"/>
        <testcase name="testDraw" class="App\Tests\Card\DeckOfCardsTest" classname="App.Tests.Card.DeckOfCardsTest" file="/Users/dannipham/dbwebb-kurser/mvc/me/report/tests/Card/DeckOfCardsTest.php" line="25" assertions="2" time="0.000959"/>
        <testcase name="testDrawTooManyCards" class="App\Tests\Card\DeckOfCardsTest" classname="App.Tests.Card.DeckOfCardsTest" file="/Users/dannipham/dbwebb-kurser/mvc/me/report/tests/Card/DeckOfCardsTest.php" line="36" assertions="1" time="0.002800"/>
        <testcase name="testShuffle" class="App\Tests\Card\DeckOfCardsTest" classname="App.Tests.Card.DeckOfCardsTest" file="/Users/dannipham/dbwebb-kurser/mvc/me/report/tests/Card/DeckOfCardsTest.php" line="46" assertions="2" time="0.022163"/>
        <testcase name="testGetSortedCards" class="App\Tests\Card\DeckOfCardsTest" classname="App.Tests.Card.DeckOfCardsTest" file="/Users/dannipham/dbwebb-kurser/mvc/me/report/tests/Card/DeckOfCardsTest.php" line="59" assertions="2" time="0.003899"/>
        <testcase name="testToArrayAndFromArray" class="App\Tests\Card\DeckOfCardsTest" classname="App.Tests.Card.DeckOfCardsTest" file="/Users/dannipham/dbwebb-kurser/mvc/me/report/tests/Card/DeckOfCardsTest.php" line="71" assertions="1" time="0.001221"/>
        <testcase name="testGetCardCount" class="App\Tests\Card\DeckOfCardsTest" classname="App.Tests.Card.DeckOfCardsTest" file="/Users/dannipham/dbwebb-kurser/mvc/me/report/tests/Card/DeckOfCardsTest.php" line="82" assertions="2" time="0.000886"/>
      </testsuite>
      <testsuite name="App\Tests\Card\Game21Test" file="/Users/dannipham/dbwebb-kurser/mvc/me/report/tests/Card/Game21Test.php" tests="7" assertions="22" errors="0" warnings="0" failures="0" skipped="0" time="0.013567">
        <testcase name="testConstruct" class="App\Tests\Card\Game21Test" classname="App.Tests.Card.Game21Test" file="/Users/dannipham/dbwebb-kurser/mvc/me/report/tests/Card/Game21Test.php" line="11" assertions="7" time="0.003883"/>
        <testcase name="testDealInitialCard" class="App\Tests\Card\Game21Test" classname="App.Tests.Card.Game21Test" file="/Users/dannipham/dbwebb-kurser/mvc/me/report/tests/Card/Game21Test.php" line="23" assertions="2" time="0.001440"/>
        <testcase name="testPlaceBet" class="App\Tests\Card\Game21Test" classname="App.Tests.Card.Game21Test" file="/Users/dannipham/dbwebb-kurser/mvc/me/report/tests/Card/Game21Test.php" line="31" assertions="5" time="0.001290"/>
        <testcase name="testPlaceBetInvalid" class="App\Tests\Card\Game21Test" classname="App.Tests.Card.Game21Test" file="/Users/dannipham/dbwebb-kurser/mvc/me/report/tests/Card/Game21Test.php" line="42" assertions="1" time="0.001097"/>
        <testcase name="testPlayerDrawBust" class="App\Tests\Card\Game21Test" classname="App.Tests.Card.Game21Test" file="/Users/dannipham/dbwebb-kurser/mvc/me/report/tests/Card/Game21Test.php" line="49" assertions="2" time="0.001612"/>
        <testcase name="testPlayerDrawTo21" class="App\Tests\Card\Game21Test" classname="App.Tests.Card.Game21Test" file="/Users/dannipham/dbwebb-kurser/mvc/me/report/tests/Card/Game21Test.php" line="67" assertions="1" time="0.001335"/>
        <testcase name="testPlayerStandAndBankPlay" class="App\Tests\Card\Game21Test" classname="App.Tests.Card.Game21Test" file="/Users/dannipham/dbwebb-kurser/mvc/me/report/tests/Card/Game21Test.php" line="85" assertions="4" time="0.002909"/>
      </testsuite>
      <testsuite name="App\Tests\Card\PlayerTest" file="/Users/dannipham/dbwebb-kurser/mvc/me/report/tests/Card/PlayerTest.php" tests="7" assertions="13" errors="0" warnings="0" failures="0" skipped="0" time="0.004249">
        <testcase name="testConstructAndGetters" class="App\Tests\Card\PlayerTest" classname="App.Tests.Card.PlayerTest" file="/Users/dannipham/dbwebb-kurser/mvc/me/report/tests/Card/PlayerTest.php" line="18" assertions="4" time="0.001090"/>
        <testcase name="testAddCardAndScore" class="App\Tests\Card\PlayerTest" classname="App.Tests.Card.PlayerTest" file="/Users/dannipham/dbwebb-kurser/mvc/me/report/tests/Card/PlayerTest.php" line="30" assertions="1" time="0.000429"/>
        <testcase name="testScoreWithMultipleAces" class="App\Tests\Card\PlayerTest" classname="App.Tests.Card.PlayerTest" file="/Users/dannipham/dbwebb-kurser/mvc/me/report/tests/Card/PlayerTest.php" line="50" assertions="1" time="0.000495"/>
        <testcase name="testStand" class="App\Tests\Card\PlayerTest" classname="App.Tests.Card.PlayerTest" file="/Users/dannipham/dbwebb-kurser/mvc/me/report/tests/Card/PlayerTest.php" line="69" assertions="1" time="0.000859"/>
        <testcase name="testMoneyOperations" class="App\Tests\Card\PlayerTest" classname="App.Tests.Card.PlayerTest" file="/Users/dannipham/dbwebb-kurser/mvc/me/report/tests/Card/PlayerTest.php" line="79" assertions="2" time="0.000388"/>
        <testcase name="testDeductMoneyException" class="App\Tests\Card\PlayerTest" classname="App.Tests.Card.PlayerTest" file="/Users/dannipham/dbwebb-kurser/mvc/me/report/tests/Card/PlayerTest.php" line="91" assertions="1" time="0.000485"/>
        <testcase name="testToArrayAndFromArray" class="App\Tests\Card\PlayerTest" classname="App.Tests.Card.PlayerTest" file="/Users/dannipham/dbwebb-kurser/mvc/me/report/tests/Card/PlayerTest.php" line="101" assertions="3" time="0.000503"/>
      </testsuite>
      <testsuite name="App\Tests\Command\SeedBooksCommandTest" file="/Users/dannipham/dbwebb-kurser/mvc/me/report/tests/Command/SeedBooksCommandTest.php" tests="1" assertions="15" errors="0" warnings="0" failures="0" skipped="0" time="0.834691">
        <testcase name="testExecuteSeedsThreeBooks" class="App\Tests\Command\SeedBooksCommandTest" classname="App.Tests.Command.SeedBooksCommandTest" file="/Users/dannipham/dbwebb-kurser/mvc/me/report/tests/Command/SeedBooksCommandTest.php" line="13" assertions="15" time="0.834691"/>
      </testsuite>
      <testsuite name="App\Tests\Controller\ApiControllerTest" file="/Users/dannipham/dbwebb-kurser/mvc/me/report/tests/Controller/ApiControllerTest.php" tests="11" assertions="51" errors="0" warnings="0" failures="0" skipped="0" time="0.540413">
        <testcase name="testApiLandingPage" class="App\Tests\Controller\ApiControllerTest" classname="App.Tests.Controller.ApiControllerTest" file="/Users/dannipham/dbwebb-kurser/mvc/me/report/tests/Controller/ApiControllerTest.php" line="20" assertions="6" time="0.238911"/>
        <testcase name="testApiQuote" class="App\Tests\Controller\ApiControllerTest" classname="App.Tests.Controller.ApiControllerTest" file="/Users/dannipham/dbwebb-kurser/mvc/me/report/tests/Controller/ApiControllerTest.php" line="33" assertions="6" time="0.014594"/>
        <testcase name="testApiTime" class="App\Tests\Controller\ApiControllerTest" classname="App.Tests.Controller.ApiControllerTest" file="/Users/dannipham/dbwebb-kurser/mvc/me/report/tests/Controller/ApiControllerTest.php" line="51" assertions="4" time="0.010817"/>
        <testcase name="testApiDeck" class="App\Tests\Controller\ApiControllerTest" classname="App.Tests.Controller.ApiControllerTest" file="/Users/dannipham/dbwebb-kurser/mvc/me/report/tests/Controller/ApiControllerTest.php" line="67" assertions="5" time="0.096123"/>
        <testcase name="testApiShuffle" class="App\Tests\Controller\ApiControllerTest" classname="App.Tests.Controller.ApiControllerTest" file="/Users/dannipham/dbwebb-kurser/mvc/me/report/tests/Controller/ApiControllerTest.php" line="91" assertions="5" time="0.017954"/>
        <testcase name="testApiDrawOneCard" class="App\Tests\Controller\ApiControllerTest" classname="App.Tests.Controller.ApiControllerTest" file="/Users/dannipham/dbwebb-kurser/mvc/me/report/tests/Controller/ApiControllerTest.php" line="108" assertions="4" time="0.033782"/>
        <testcase name="testApiDrawMultipleCards" class="App\Tests\Controller\ApiControllerTest" classname="App.Tests.Controller.ApiControllerTest" file="/Users/dannipham/dbwebb-kurser/mvc/me/report/tests/Controller/ApiControllerTest.php" line="125" assertions="4" time="0.037068"/>
        <testcase name="testApiLibraryBooks" class="App\Tests\Controller\ApiControllerTest" classname="App.Tests.Controller.ApiControllerTest" file="/Users/dannipham/dbwebb-kurser/mvc/me/report/tests/Controller/ApiControllerTest.php" line="142" assertions="5" time="0.029611"/>
        <testcase name="testApiLibraryBookByIsbn" class="App\Tests\Controller\ApiControllerTest" classname="App.Tests.Controller.ApiControllerTest" file="/Users/dannipham/dbwebb-kurser/mvc/me/report/tests/Controller/ApiControllerTest.php" line="158" assertions="3" time="0.015541"/>
        <testcase name="testShowAllBooksJson" class="App\Tests\Controller\ApiControllerTest" classname="App.Tests.Controller.ApiControllerTest" file="/Users/dannipham/dbwebb-kurser/mvc/me/report/tests/Controller/ApiControllerTest.php" line="173" assertions="6" time="0.021362"/>
        <testcase name="testShowBookByIsbnJson" class="App\Tests\Controller\ApiControllerTest" classname="App.Tests.Controller.ApiControllerTest" file="/Users/dannipham/dbwebb-kurser/mvc/me/report/tests/Controller/ApiControllerTest.php" line="190" assertions="3" time="0.024649"/>
      </testsuite>
      <testsuite name="App\Tests\Controller\CardControllerTest" file="/Users/dannipham/dbwebb-kurser/mvc/me/report/tests/Controller/CardControllerTest.php" tests="7" assertions="44" errors="0" warnings="0" failures="0" skipped="0" time="0.307724">
        <testcase name="testCardIndex" class="App\Tests\Controller\CardControllerTest" classname="App.Tests.Controller.CardControllerTest" file="/Users/dannipham/dbwebb-kurser/mvc/me/report/tests/Controller/CardControllerTest.php" line="19" assertions="6" time="0.032990"/>
        <testcase name="testSessionShowEmpty" class="App\Tests\Controller\CardControllerTest" classname="App.Tests.Controller.CardControllerTest" file="/Users/dannipham/dbwebb-kurser/mvc/me/report/tests/Controller/CardControllerTest.php" line="30" assertions="5" time="0.028145"/>
        <testcase name="testSessionDelete" class="App\Tests\Controller\CardControllerTest" classname="App.Tests.Controller.CardControllerTest" file="/Users/dannipham/dbwebb-kurser/mvc/me/report/tests/Controller/CardControllerTest.php" line="39" assertions="7" time="0.041857"/>
        <testcase name="testCardDeckNew" class="App\Tests\Controller\CardControllerTest" classname="App.Tests.Controller.CardControllerTest" file="/Users/dannipham/dbwebb-kurser/mvc/me/report/tests/Controller/CardControllerTest.php" line="56" assertions="7" time="0.034194"/>
        <testcase name="testCardDeckShuffle" class="App\Tests\Controller\CardControllerTest" classname="App.Tests.Controller.CardControllerTest" file="/Users/dannipham/dbwebb-kurser/mvc/me/report/tests/Controller/CardControllerTest.php" line="72" assertions="7" time="0.038260"/>
        <testcase name="testCardDeckDrawOne" class="App\Tests\Controller\CardControllerTest" classname="App.Tests.Controller.CardControllerTest" file="/Users/dannipham/dbwebb-kurser/mvc/me/report/tests/Controller/CardControllerTest.php" line="85" assertions="6" time="0.062203"/>
        <testcase name="testCardDeckDrawMultiple" class="App\Tests\Controller\CardControllerTest" classname="App.Tests.Controller.CardControllerTest" file="/Users/dannipham/dbwebb-kurser/mvc/me/report/tests/Controller/CardControllerTest.php" line="99" assertions="6" time="0.070076"/>
      </testsuite>
      <testsuite name="App\Tests\Controller\GameControllerTest" file="/Users/dannipham/dbwebb-kurser/mvc/me/report/tests/Controller/GameControllerTest.php" tests="7" assertions="43" errors="0" warnings="0" failures="0" skipped="0" time="0.364448">
        <testcase name="testGameIndex" class="App\Tests\Controller\GameControllerTest" classname="App.Tests.Controller.GameControllerTest" file="/Users/dannipham/dbwebb-kurser/mvc/me/report/tests/Controller/GameControllerTest.php" line="23" assertions="7" time="0.053146"/>
        <testcase name="testGameDoc" class="App\Tests\Controller\GameControllerTest" classname="App.Tests.Controller.GameControllerTest" file="/Users/dannipham/dbwebb-kurser/mvc/me/report/tests/Controller/GameControllerTest.php" line="37" assertions="9" time="0.033963"/>
        <testcase name="testGamePlayInitial" class="App\Tests\Controller\GameControllerTest" classname="App.Tests.Controller.GameControllerTest" file="/Users/dannipham/dbwebb-kurser/mvc/me/report/tests/Controller/GameControllerTest.php" line="56" assertions="6" time="0.034337"/>
        <testcase name="testGameBet" class="App\Tests\Controller\GameControllerTest" classname="App.Tests.Controller.GameControllerTest" file="/Users/dannipham/dbwebb-kurser/mvc/me/report/tests/Controller/GameControllerTest.php" line="67" assertions="5" time="0.050233"/>
        <testcase name="testGameDraw" class="App\Tests\Controller\GameControllerTest" classname="App.Tests.Controller.GameControllerTest" file="/Users/dannipham/dbwebb-kurser/mvc/me/report/tests/Controller/GameControllerTest.php" line="79" assertions="5" time="0.065838"/>
        <testcase name="testGameStand" class="App\Tests\Controller\GameControllerTest" classname="App.Tests.Controller.GameControllerTest" file="/Users/dannipham/dbwebb-kurser/mvc/me/report/tests/Controller/GameControllerTest.php" line="94" assertions="6" time="0.063439"/>
        <testcase name="testGameReset" class="App\Tests\Controller\GameControllerTest" classname="App.Tests.Controller.GameControllerTest" file="/Users/dannipham/dbwebb-kurser/mvc/me/report/tests/Controller/GameControllerTest.php" line="107" assertions="5" time="0.063492"/>
      </testsuite>
      <testsuite name="App\Tests\Controller\LearningItemControllerTest" file="/Users/dannipham/dbwebb-kurser/mvc/me/report/tests/Controller/LearningItemControllerTest.php" tests="5" assertions="31" errors="0" warnings="0" failures="0" skipped="0" time="0.761322">
        <testcase name="testIndexPage" class="App\Tests\Controller\LearningItemControllerTest" classname="App.Tests.Controller.LearningItemControllerTest" file="/Users/dannipham/dbwebb-kurser/mvc/me/report/tests/Controller/LearningItemControllerTest.php" line="31" assertions="3" time="0.046607"/>
        <testcase name="testCreateItem" class="App\Tests\Controller\LearningItemControllerTest" classname="App.Tests.Controller.LearningItemControllerTest" file="/Users/dannipham/dbwebb-kurser/mvc/me/report/tests/Controller/LearningItemControllerTest.php" line="39" assertions="10" time="0.428153"/>
        <testcase name="testShowItem" class="App\Tests\Controller\LearningItemControllerTest" classname="App.Tests.Controller.LearningItemControllerTest" file="/Users/dannipham/dbwebb-kurser/mvc/me/report/tests/Controller/LearningItemControllerTest.php" line="68" assertions="5" time="0.049040"/>
        <testcase name="testEditItem" class="App\Tests\Controller\LearningItemControllerTest" classname="App.Tests.Controller.LearningItemControllerTest" file="/Users/dannipham/dbwebb-kurser/mvc/me/report/tests/Controller/LearningItemControllerTest.php" line="92" assertions="8" time="0.147459"/>
        <testcase name="testDeleteItem" class="App\Tests\Controller\LearningItemControllerTest" classname="App.Tests.Controller.LearningItemControllerTest" file="/Users/dannipham/dbwebb-kurser/mvc/me/report/tests/Controller/LearningItemControllerTest.php" line="126" assertions="5" time="0.090062"/>
      </testsuite>
      <testsuite name="App\Tests\Controller\LibraryControllerTest" file="/Users/dannipham/dbwebb-kurser/mvc/me/report/tests/Controller/LibraryControllerTest.php" tests="6" assertions="27" errors="0" warnings="0" failures="0" skipped="0" time="0.529929">
        <testcase name="testIndexLoads" class="App\Tests\Controller\LibraryControllerTest" classname="App.Tests.Controller.LibraryControllerTest" file="/Users/dannipham/dbwebb-kurser/mvc/me/report/tests/Controller/LibraryControllerTest.php" line="9" assertions="5" time="0.032822"/>
        <testcase name="testShowAllLoads" class="App\Tests\Controller\LibraryControllerTest" classname="App.Tests.Controller.LibraryControllerTest" file="/Users/dannipham/dbwebb-kurser/mvc/me/report/tests/Controller/LibraryControllerTest.php" line="20" assertions="4" time="0.062266"/>
        <testcase name="testCreateBookForm" class="App\Tests\Controller\LibraryControllerTest" classname="App.Tests.Controller.LibraryControllerTest" file="/Users/dannipham/dbwebb-kurser/mvc/me/report/tests/Controller/LibraryControllerTest.php" line="32" assertions="3" time="0.049402"/>
        <testcase name="testUpdateBookForm" class="App\Tests\Controller\LibraryControllerTest" classname="App.Tests.Controller.LibraryControllerTest" file="/Users/dannipham/dbwebb-kurser/mvc/me/report/tests/Controller/LibraryControllerTest.php" line="42" assertions="3" time="0.109597"/>
        <testcase name="testShowBookDetails" class="App\Tests\Controller\LibraryControllerTest" classname="App.Tests.Controller.LibraryControllerTest" file="/Users/dannipham/dbwebb-kurser/mvc/me/report/tests/Controller/LibraryControllerTest.php" line="65" assertions="8" time="0.099401"/>
        <testcase name="testCreateAndDeleteBook" class="App\Tests\Controller\LibraryControllerTest" classname="App.Tests.Controller.LibraryControllerTest" file="/Users/dannipham/dbwebb-kurser/mvc/me/report/tests/Controller/LibraryControllerTest.php" line="91" assertions="4" time="0.176441"/>
      </testsuite>
      <testsuite name="App\Tests\Controller\MeControllerTest" file="/Users/dannipham/dbwebb-kurser/mvc/me/report/tests/Controller/MeControllerTest.php" tests="4" assertions="26" errors="0" warnings="0" failures="0" skipped="0" time="0.114845">
        <testcase name="testHomePage" class="App\Tests\Controller\MeControllerTest" classname="App.Tests.Controller.MeControllerTest" file="/Users/dannipham/dbwebb-kurser/mvc/me/report/tests/Controller/MeControllerTest.php" line="9" assertions="6" time="0.026113"/>
        <testcase name="testAboutPage" class="App\Tests\Controller\MeControllerTest" classname="App.Tests.Controller.MeControllerTest" file="/Users/dannipham/dbwebb-kurser/mvc/me/report/tests/Controller/MeControllerTest.php" line="20" assertions="6" time="0.026017"/>
        <testcase name="testReportPage" class="App\Tests\Controller\MeControllerTest" classname="App.Tests.Controller.MeControllerTest" file="/Users/dannipham/dbwebb-kurser/mvc/me/report/tests/Controller/MeControllerTest.php" line="32" assertions="6" time="0.039969"/>
        <testcase name="testLuckyPage" class="App\Tests\Controller\MeControllerTest" classname="App.Tests.Controller.MeControllerTest" file="/Users/dannipham/dbwebb-kurser/mvc/me/report/tests/Controller/MeControllerTest.php" line="44" assertions="8" time="0.022745"/>
      </testsuite>
      <testsuite name="App\Tests\Controller\MetricsControllerTest" file="/Users/dannipham/dbwebb-kurser/mvc/me/report/tests/Controller/MetricsControllerTest.php" tests="1" assertions="16" errors="0" warnings="0" failures="0" skipped="0" time="0.027624">
        <testcase name="testMetricsIndex" class="App\Tests\Controller\MetricsControllerTest" classname="App.Tests.Controller.MetricsControllerTest" file="/Users/dannipham/dbwebb-kurser/mvc/me/report/tests/Controller/MetricsControllerTest.php" line="9" assertions="16" time="0.027624"/>
      </testsuite>
      <testsuite name="App\Tests\Controller\ProjectControllerTest" file="/Users/dannipham/dbwebb-kurser/mvc/me/report/tests/Controller/ProjectControllerTest.php" tests="2" assertions="17" errors="0" warnings="0" failures="0" skipped="0" time="0.039245">
        <testcase name="testProjectHomePage" class="App\Tests\Controller\ProjectControllerTest" classname="App.Tests.Controller.ProjectControllerTest" file="/Users/dannipham/dbwebb-kurser/mvc/me/report/tests/Controller/ProjectControllerTest.php" line="9" assertions="8" time="0.020404"/>
        <testcase name="testProjectAboutPage" class="App\Tests\Controller\ProjectControllerTest" classname="App.Tests.Controller.ProjectControllerTest" file="/Users/dannipham/dbwebb-kurser/mvc/me/report/tests/Controller/ProjectControllerTest.php" line="23" assertions="9" time="0.018841"/>
      </testsuite>
      <testsuite name="App\Tests\Form\BookTypeTest" file="/Users/dannipham/dbwebb-kurser/mvc/me/report/tests/Form/BookTypeTest.php" tests="1" assertions="5" errors="0" warnings="0" failures="0" skipped="0" time="0.056715">
        <testcase name="testBuildForm" class="App\Tests\Form\BookTypeTest" classname="App.Tests.Form.BookTypeTest" file="/Users/dannipham/dbwebb-kurser/mvc/me/report/tests/Form/BookTypeTest.php" line="11" assertions="5" time="0.056715"/>
      </testsuite>
      <testsuite name="App\Tests\Repository\BookRepositoryTest" file="/Users/dannipham/dbwebb-kurser/mvc/me/report/tests/Library/BookRepositoryTest.php" tests="1" assertions="1" errors="0" warnings="0" failures="0" skipped="0" time="0.002157">
        <testcase name="testRepositoryInstantiation" class="App\Tests\Repository\BookRepositoryTest" classname="App.Tests.Repository.BookRepositoryTest" file="/Users/dannipham/dbwebb-kurser/mvc/me/report/tests/Library/BookRepositoryTest.php" line="26" assertions="1" time="0.002157"/>
      </testsuite>
      <testsuite name="App\Tests\Entity\BookTest" file="/Users/dannipham/dbwebb-kurser/mvc/me/report/tests/Library/BookTest.php" tests="6" assertions="7" errors="0" warnings="0" failures="0" skipped="0" time="0.002265">
        <testcase name="testCreateBook" class="App\Tests\Entity\BookTest" classname="App.Tests.Entity.BookTest" file="/Users/dannipham/dbwebb-kurser/mvc/me/report/tests/Library/BookTest.php" line="13" assertions="1" time="0.000390"/>
        <testcase name="testTitle" class="App\Tests\Entity\BookTest" classname="App.Tests.Entity.BookTest" file="/Users/dannipham/dbwebb-kurser/mvc/me/report/tests/Library/BookTest.php" line="22" assertions="1" time="0.000388"/>
        <testcase name="testIsbn" class="App\Tests\Entity\BookTest" classname="App.Tests.Entity.BookTest" file="/Users/dannipham/dbwebb-kurser/mvc/me/report/tests/Library/BookTest.php" line="32" assertions="1" time="0.000381"/>
        <testcase name="testAuthor" class="App\Tests\Entity\BookTest" classname="App.Tests.Entity.BookTest" file="/Users/dannipham/dbwebb-kurser/mvc/me/report/tests/Library/BookTest.php" line="42" assertions="1" time="0.000377"/>
        <testcase name="testImage" class="App\Tests\Entity\BookTest" classname="App.Tests.Entity.BookTest" file="/Users/dannipham/dbwebb-kurser/mvc/me/report/tests/Library/BookTest.php" line="52" assertions="2" time="0.000378"/>
        <testcase name="testId" class="App\Tests\Entity\BookTest" classname="App.Tests.Entity.BookTest" file="/Users/dannipham/dbwebb-kurser/mvc/me/report/tests/Library/BookTest.php" line="65" assertions="1" time="0.000350"/>
      </testsuite>
    </testsuite>
  </testsuite>
</testsuites>
