<?xml version="1.0" encoding="UTF-8"?>
<testsuites>
  <testsuite name="" tests="113" assertions="428" errors="0" warnings="0" failures="1" skipped="0" time="3.952670">
    <testsuite name="Project Test Suite" tests="113" assertions="428" errors="0" warnings="0" failures="1" skipped="0" time="3.952670">
      <testsuite name="App\Tests\Card\CardGraphicTest" file="/Users/dannipham/dbwebb-kurser/mvc/me/report/tests/Card/CardGraphicTest.php" tests="2" assertions="4" errors="0" warnings="0" failures="0" skipped="0" time="0.010024">
        <testcase name="testGetSvgUrl" class="App\Tests\Card\CardGraphicTest" classname="App.Tests.Card.CardGraphicTest" file="/Users/dannipham/dbwebb-kurser/mvc/me/report/tests/Card/CardGraphicTest.php" line="16" assertions="2" time="0.009568"/>
        <testcase name="testGetAsString" class="App\Tests\Card\CardGraphicTest" classname="App.Tests.Card.CardGraphicTest" file="/Users/dannipham/dbwebb-kurser/mvc/me/report/tests/Card/CardGraphicTest.php" line="28" assertions="2" time="0.000455"/>
      </testsuite>
      <testsuite name="App\Tests\Card\CardHandTest" file="/Users/dannipham/dbwebb-kurser/mvc/me/report/tests/Card/CardHandTest.php" tests="4" assertions="6" errors="0" warnings="0" failures="0" skipped="0" time="0.004132">
        <testcase name="testAddCardAndGetCards" class="App\Tests\Card\CardHandTest" classname="App.Tests.Card.CardHandTest" file="/Users/dannipham/dbwebb-kurser/mvc/me/report/tests/Card/CardHandTest.php" line="17" assertions="2" time="0.001870"/>
        <testcase name="testToArray" class="App\Tests\Card\CardHandTest" classname="App.Tests.Card.CardHandTest" file="/Users/dannipham/dbwebb-kurser/mvc/me/report/tests/Card/CardHandTest.php" line="29" assertions="1" time="0.000456"/>
        <testcase name="testFromArray" class="App\Tests\Card\CardHandTest" classname="App.Tests.Card.CardHandTest" file="/Users/dannipham/dbwebb-kurser/mvc/me/report/tests/Card/CardHandTest.php" line="41" assertions="2" time="0.000605"/>
        <testcase name="testEmptyHand" class="App\Tests\Card\CardHandTest" classname="App.Tests.Card.CardHandTest" file="/Users/dannipham/dbwebb-kurser/mvc/me/report/tests/Card/CardHandTest.php" line="52" assertions="1" time="0.001201"/>
      </testsuite>
      <testsuite name="App\Tests\Card\CardTest" file="/Users/dannipham/dbwebb-kurser/mvc/me/report/tests/Card/CardTest.php" tests="3" assertions="6" errors="0" warnings="0" failures="0" skipped="0" time="0.001264">
        <testcase name="testConstructAndGetters" class="App\Tests\Card\CardTest" classname="App.Tests.Card.CardTest" file="/Users/dannipham/dbwebb-kurser/mvc/me/report/tests/Card/CardTest.php" line="16" assertions="3" time="0.000556"/>
        <testcase name="testToArray" class="App\Tests\Card\CardTest" classname="App.Tests.Card.CardTest" file="/Users/dannipham/dbwebb-kurser/mvc/me/report/tests/Card/CardTest.php" line="27" assertions="1" time="0.000354"/>
        <testcase name="testFromArray" class="App\Tests\Card\CardTest" classname="App.Tests.Card.CardTest" file="/Users/dannipham/dbwebb-kurser/mvc/me/report/tests/Card/CardTest.php" line="37" assertions="2" time="0.000354"/>
      </testsuite>
      <testsuite name="App\Tests\Card\DeckOfCardsTest" file="/Users/dannipham/dbwebb-kurser/mvc/me/report/tests/Card/DeckOfCardsTest.php" tests="7" assertions="11" errors="0" warnings="0" failures="0" skipped="0" time="0.026207">
        <testcase name="testConstruct" class="App\Tests\Card\DeckOfCardsTest" classname="App.Tests.Card.DeckOfCardsTest" file="/Users/dannipham/dbwebb-kurser/mvc/me/report/tests/Card/DeckOfCardsTest.php" line="16" assertions="1" time="0.002274"/>
        <testcase name="testDraw" class="App\Tests\Card\DeckOfCardsTest" classname="App.Tests.Card.DeckOfCardsTest" file="/Users/dannipham/dbwebb-kurser/mvc/me/report/tests/Card/DeckOfCardsTest.php" line="25" assertions="2" time="0.000584"/>
        <testcase name="testDrawTooManyCards" class="App\Tests\Card\DeckOfCardsTest" classname="App.Tests.Card.DeckOfCardsTest" file="/Users/dannipham/dbwebb-kurser/mvc/me/report/tests/Card/DeckOfCardsTest.php" line="36" assertions="1" time="0.001754"/>
        <testcase name="testShuffle" class="App\Tests\Card\DeckOfCardsTest" classname="App.Tests.Card.DeckOfCardsTest" file="/Users/dannipham/dbwebb-kurser/mvc/me/report/tests/Card/DeckOfCardsTest.php" line="46" assertions="2" time="0.016995"/>
        <testcase name="testGetSortedCards" class="App\Tests\Card\DeckOfCardsTest" classname="App.Tests.Card.DeckOfCardsTest" file="/Users/dannipham/dbwebb-kurser/mvc/me/report/tests/Card/DeckOfCardsTest.php" line="59" assertions="2" time="0.003378"/>
        <testcase name="testToArrayAndFromArray" class="App\Tests\Card\DeckOfCardsTest" classname="App.Tests.Card.DeckOfCardsTest" file="/Users/dannipham/dbwebb-kurser/mvc/me/report/tests/Card/DeckOfCardsTest.php" line="71" assertions="1" time="0.000774"/>
        <testcase name="testGetCardCount" class="App\Tests\Card\DeckOfCardsTest" classname="App.Tests.Card.DeckOfCardsTest" file="/Users/dannipham/dbwebb-kurser/mvc/me/report/tests/Card/DeckOfCardsTest.php" line="82" assertions="2" time="0.000448"/>
      </testsuite>
      <testsuite name="App\Tests\Card\Game21Test" file="/Users/dannipham/dbwebb-kurser/mvc/me/report/tests/Card/Game21Test.php" tests="7" assertions="22" errors="0" warnings="0" failures="1" skipped="0" time="0.008976">
        <testcase name="testConstruct" class="App\Tests\Card\Game21Test" classname="App.Tests.Card.Game21Test" file="/Users/dannipham/dbwebb-kurser/mvc/me/report/tests/Card/Game21Test.php" line="11" assertions="7" time="0.003383"/>
        <testcase name="testDealInitialCard" class="App\Tests\Card\Game21Test" classname="App.Tests.Card.Game21Test" file="/Users/dannipham/dbwebb-kurser/mvc/me/report/tests/Card/Game21Test.php" line="23" assertions="2" time="0.000635"/>
        <testcase name="testPlaceBet" class="App\Tests\Card\Game21Test" classname="App.Tests.Card.Game21Test" file="/Users/dannipham/dbwebb-kurser/mvc/me/report/tests/Card/Game21Test.php" line="31" assertions="5" time="0.000575"/>
        <testcase name="testPlaceBetInvalid" class="App\Tests\Card\Game21Test" classname="App.Tests.Card.Game21Test" file="/Users/dannipham/dbwebb-kurser/mvc/me/report/tests/Card/Game21Test.php" line="42" assertions="1" time="0.000523"/>
        <testcase name="testPlayerDrawBust" class="App\Tests\Card\Game21Test" classname="App.Tests.Card.Game21Test" file="/Users/dannipham/dbwebb-kurser/mvc/me/report/tests/Card/Game21Test.php" line="49" assertions="2" time="0.000627"/>
        <testcase name="testPlayerDrawTo21" class="App\Tests\Card\Game21Test" classname="App.Tests.Card.Game21Test" file="/Users/dannipham/dbwebb-kurser/mvc/me/report/tests/Card/Game21Test.php" line="67" assertions="1" time="0.001332">
          <failure type="PHPUnit\Framework\ExpectationFailedException">App\Tests\Card\Game21Test::testPlayerDrawTo21
Player should reach 21
Failed asserting that two strings are identical.
--- Expected
+++ Actual
@@ @@
-'finished'
+'playing'

/Users/dannipham/dbwebb-kurser/mvc/me/report/tests/Card/Game21Test.php:81
/Users/dannipham/dbwebb-kurser/mvc/me/report/vendor/phpunit/phpunit/phpunit:107</failure>
        </testcase>
        <testcase name="testPlayerStandAndBankPlay" class="App\Tests\Card\Game21Test" classname="App.Tests.Card.Game21Test" file="/Users/dannipham/dbwebb-kurser/mvc/me/report/tests/Card/Game21Test.php" line="85" assertions="4" time="0.001902"/>
      </testsuite>
      <testsuite name="App\Tests\Card\PlayerTest" file="/Users/dannipham/dbwebb-kurser/mvc/me/report/tests/Card/PlayerTest.php" tests="7" assertions="13" errors="0" warnings="0" failures="0" skipped="0" time="0.003895">
        <testcase name="testConstructAndGetters" class="App\Tests\Card\PlayerTest" classname="App.Tests.Card.PlayerTest" file="/Users/dannipham/dbwebb-kurser/mvc/me/report/tests/Card/PlayerTest.php" line="18" assertions="4" time="0.000965"/>
        <testcase name="testAddCardAndScore" class="App\Tests\Card\PlayerTest" classname="App.Tests.Card.PlayerTest" file="/Users/dannipham/dbwebb-kurser/mvc/me/report/tests/Card/PlayerTest.php" line="30" assertions="1" time="0.000410"/>
        <testcase name="testScoreWithMultipleAces" class="App\Tests\Card\PlayerTest" classname="App.Tests.Card.PlayerTest" file="/Users/dannipham/dbwebb-kurser/mvc/me/report/tests/Card/PlayerTest.php" line="50" assertions="1" time="0.000421"/>
        <testcase name="testStand" class="App\Tests\Card\PlayerTest" classname="App.Tests.Card.PlayerTest" file="/Users/dannipham/dbwebb-kurser/mvc/me/report/tests/Card/PlayerTest.php" line="69" assertions="1" time="0.000811"/>
        <testcase name="testMoneyOperations" class="App\Tests\Card\PlayerTest" classname="App.Tests.Card.PlayerTest" file="/Users/dannipham/dbwebb-kurser/mvc/me/report/tests/Card/PlayerTest.php" line="79" assertions="2" time="0.000433"/>
        <testcase name="testDeductMoneyException" class="App\Tests\Card\PlayerTest" classname="App.Tests.Card.PlayerTest" file="/Users/dannipham/dbwebb-kurser/mvc/me/report/tests/Card/PlayerTest.php" line="91" assertions="1" time="0.000402"/>
        <testcase name="testToArrayAndFromArray" class="App\Tests\Card\PlayerTest" classname="App.Tests.Card.PlayerTest" file="/Users/dannipham/dbwebb-kurser/mvc/me/report/tests/Card/PlayerTest.php" line="101" assertions="3" time="0.000452"/>
      </testsuite>
      <testsuite name="App\Tests\Command\SeedBooksCommandTest" file="/Users/dannipham/dbwebb-kurser/mvc/me/report/tests/Command/SeedBooksCommandTest.php" tests="1" assertions="15" errors="0" warnings="0" failures="0" skipped="0" time="0.836214">
        <testcase name="testExecuteSeedsThreeBooks" class="App\Tests\Command\SeedBooksCommandTest" classname="App.Tests.Command.SeedBooksCommandTest" file="/Users/dannipham/dbwebb-kurser/mvc/me/report/tests/Command/SeedBooksCommandTest.php" line="13" assertions="15" time="0.836214"/>
      </testsuite>
      <testsuite name="App\Tests\Controller\ApiControllerTest" file="/Users/dannipham/dbwebb-kurser/mvc/me/report/tests/Controller/ApiControllerTest.php" tests="11" assertions="51" errors="0" warnings="0" failures="0" skipped="0" time="0.529589">
        <testcase name="testApiLandingPage" class="App\Tests\Controller\ApiControllerTest" classname="App.Tests.Controller.ApiControllerTest" file="/Users/dannipham/dbwebb-kurser/mvc/me/report/tests/Controller/ApiControllerTest.php" line="20" assertions="6" time="0.256005"/>
        <testcase name="testApiQuote" class="App\Tests\Controller\ApiControllerTest" classname="App.Tests.Controller.ApiControllerTest" file="/Users/dannipham/dbwebb-kurser/mvc/me/report/tests/Controller/ApiControllerTest.php" line="33" assertions="6" time="0.016602"/>
        <testcase name="testApiTime" class="App\Tests\Controller\ApiControllerTest" classname="App.Tests.Controller.ApiControllerTest" file="/Users/dannipham/dbwebb-kurser/mvc/me/report/tests/Controller/ApiControllerTest.php" line="51" assertions="4" time="0.011336"/>
        <testcase name="testApiDeck" class="App\Tests\Controller\ApiControllerTest" classname="App.Tests.Controller.ApiControllerTest" file="/Users/dannipham/dbwebb-kurser/mvc/me/report/tests/Controller/ApiControllerTest.php" line="67" assertions="5" time="0.063610"/>
        <testcase name="testApiShuffle" class="App\Tests\Controller\ApiControllerTest" classname="App.Tests.Controller.ApiControllerTest" file="/Users/dannipham/dbwebb-kurser/mvc/me/report/tests/Controller/ApiControllerTest.php" line="91" assertions="5" time="0.019198"/>
        <testcase name="testApiDrawOneCard" class="App\Tests\Controller\ApiControllerTest" classname="App.Tests.Controller.ApiControllerTest" file="/Users/dannipham/dbwebb-kurser/mvc/me/report/tests/Controller/ApiControllerTest.php" line="108" assertions="4" time="0.043760"/>
        <testcase name="testApiDrawMultipleCards" class="App\Tests\Controller\ApiControllerTest" classname="App.Tests.Controller.ApiControllerTest" file="/Users/dannipham/dbwebb-kurser/mvc/me/report/tests/Controller/ApiControllerTest.php" line="125" assertions="4" time="0.036520"/>
        <testcase name="testApiLibraryBooks" class="App\Tests\Controller\ApiControllerTest" classname="App.Tests.Controller.ApiControllerTest" file="/Users/dannipham/dbwebb-kurser/mvc/me/report/tests/Controller/ApiControllerTest.php" line="142" assertions="5" time="0.028444"/>
        <testcase name="testApiLibraryBookByIsbn" class="App\Tests\Controller\ApiControllerTest" classname="App.Tests.Controller.ApiControllerTest" file="/Users/dannipham/dbwebb-kurser/mvc/me/report/tests/Controller/ApiControllerTest.php" line="158" assertions="3" time="0.017383"/>
        <testcase name="testShowAllBooksJson" class="App\Tests\Controller\ApiControllerTest" classname="App.Tests.Controller.ApiControllerTest" file="/Users/dannipham/dbwebb-kurser/mvc/me/report/tests/Controller/ApiControllerTest.php" line="173" assertions="6" time="0.016343"/>
        <testcase name="testShowBookByIsbnJson" class="App\Tests\Controller\ApiControllerTest" classname="App.Tests.Controller.ApiControllerTest" file="/Users/dannipham/dbwebb-kurser/mvc/me/report/tests/Controller/ApiControllerTest.php" line="190" assertions="3" time="0.020389"/>
      </testsuite>
      <testsuite name="App\Tests\Controller\CardControllerTest" file="/Users/dannipham/dbwebb-kurser/mvc/me/report/tests/Controller/CardControllerTest.php" tests="7" assertions="44" errors="0" warnings="0" failures="0" skipped="0" time="0.369373">
        <testcase name="testCardIndex" class="App\Tests\Controller\CardControllerTest" classname="App.Tests.Controller.CardControllerTest" file="/Users/dannipham/dbwebb-kurser/mvc/me/report/tests/Controller/CardControllerTest.php" line="19" assertions="6" time="0.033055"/>
        <testcase name="testSessionShowEmpty" class="App\Tests\Controller\CardControllerTest" classname="App.Tests.Controller.CardControllerTest" file="/Users/dannipham/dbwebb-kurser/mvc/me/report/tests/Controller/CardControllerTest.php" line="30" assertions="5" time="0.022255"/>
        <testcase name="testSessionDelete" class="App\Tests\Controller\CardControllerTest" classname="App.Tests.Controller.CardControllerTest" file="/Users/dannipham/dbwebb-kurser/mvc/me/report/tests/Controller/CardControllerTest.php" line="39" assertions="7" time="0.046922"/>
        <testcase name="testCardDeckNew" class="App\Tests\Controller\CardControllerTest" classname="App.Tests.Controller.CardControllerTest" file="/Users/dannipham/dbwebb-kurser/mvc/me/report/tests/Controller/CardControllerTest.php" line="56" assertions="7" time="0.035574"/>
        <testcase name="testCardDeckShuffle" class="App\Tests\Controller\CardControllerTest" classname="App.Tests.Controller.CardControllerTest" file="/Users/dannipham/dbwebb-kurser/mvc/me/report/tests/Controller/CardControllerTest.php" line="72" assertions="7" time="0.030320"/>
        <testcase name="testCardDeckDrawOne" class="App\Tests\Controller\CardControllerTest" classname="App.Tests.Controller.CardControllerTest" file="/Users/dannipham/dbwebb-kurser/mvc/me/report/tests/Controller/CardControllerTest.php" line="85" assertions="6" time="0.083922"/>
        <testcase name="testCardDeckDrawMultiple" class="App\Tests\Controller\CardControllerTest" classname="App.Tests.Controller.CardControllerTest" file="/Users/dannipham/dbwebb-kurser/mvc/me/report/tests/Controller/CardControllerTest.php" line="99" assertions="6" time="0.117325"/>
      </testsuite>
      <testsuite name="App\Tests\Controller\GameControllerTest" file="/Users/dannipham/dbwebb-kurser/mvc/me/report/tests/Controller/GameControllerTest.php" tests="7" assertions="43" errors="0" warnings="0" failures="0" skipped="0" time="0.333053">
        <testcase name="testGameIndex" class="App\Tests\Controller\GameControllerTest" classname="App.Tests.Controller.GameControllerTest" file="/Users/dannipham/dbwebb-kurser/mvc/me/report/tests/Controller/GameControllerTest.php" line="22" assertions="7" time="0.035843"/>
        <testcase name="testGameDoc" class="App\Tests\Controller\GameControllerTest" classname="App.Tests.Controller.GameControllerTest" file="/Users/dannipham/dbwebb-kurser/mvc/me/report/tests/Controller/GameControllerTest.php" line="36" assertions="9" time="0.023535"/>
        <testcase name="testGamePlayInitial" class="App\Tests\Controller\GameControllerTest" classname="App.Tests.Controller.GameControllerTest" file="/Users/dannipham/dbwebb-kurser/mvc/me/report/tests/Controller/GameControllerTest.php" line="55" assertions="6" time="0.028209"/>
        <testcase name="testGameBet" class="App\Tests\Controller\GameControllerTest" classname="App.Tests.Controller.GameControllerTest" file="/Users/dannipham/dbwebb-kurser/mvc/me/report/tests/Controller/GameControllerTest.php" line="66" assertions="5" time="0.053321"/>
        <testcase name="testGameDraw" class="App\Tests\Controller\GameControllerTest" classname="App.Tests.Controller.GameControllerTest" file="/Users/dannipham/dbwebb-kurser/mvc/me/report/tests/Controller/GameControllerTest.php" line="78" assertions="5" time="0.064722"/>
        <testcase name="testGameStand" class="App\Tests\Controller\GameControllerTest" classname="App.Tests.Controller.GameControllerTest" file="/Users/dannipham/dbwebb-kurser/mvc/me/report/tests/Controller/GameControllerTest.php" line="93" assertions="6" time="0.065231"/>
        <testcase name="testGameReset" class="App\Tests\Controller\GameControllerTest" classname="App.Tests.Controller.GameControllerTest" file="/Users/dannipham/dbwebb-kurser/mvc/me/report/tests/Controller/GameControllerTest.php" line="106" assertions="5" time="0.062192"/>
      </testsuite>
      <testsuite name="App\Tests\Controller\LearningItemApiControllerTest" file="/Users/dannipham/dbwebb-kurser/mvc/me/report/tests/Controller/LearningItemApiControllerTest.php" tests="9" assertions="48" errors="0" warnings="0" failures="0" skipped="0" time="0.227730">
        <testcase name="testApiIndexReturnsEmptyArrayWhenNoItems" class="App\Tests\Controller\LearningItemApiControllerTest" classname="App.Tests.Controller.LearningItemApiControllerTest" file="/Users/dannipham/dbwebb-kurser/mvc/me/report/tests/Controller/LearningItemApiControllerTest.php" line="39" assertions="4" time="0.037333"/>
        <testcase name="testApiIndexReturnsItems" class="App\Tests\Controller\LearningItemApiControllerTest" classname="App.Tests.Controller.LearningItemApiControllerTest" file="/Users/dannipham/dbwebb-kurser/mvc/me/report/tests/Controller/LearningItemApiControllerTest.php" line="52" assertions="8" time="0.021463"/>
        <testcase name="testApiShowItem" class="App\Tests\Controller\LearningItemApiControllerTest" classname="App.Tests.Controller.LearningItemApiControllerTest" file="/Users/dannipham/dbwebb-kurser/mvc/me/report/tests/Controller/LearningItemApiControllerTest.php" line="81" assertions="6" time="0.019037"/>
        <testcase name="testApiShowNotFound" class="App\Tests\Controller\LearningItemApiControllerTest" classname="App.Tests.Controller.LearningItemApiControllerTest" file="/Users/dannipham/dbwebb-kurser/mvc/me/report/tests/Controller/LearningItemApiControllerTest.php" line="108" assertions="4" time="0.018260"/>
        <testcase name="testApiCreateItemWithJson" class="App\Tests\Controller\LearningItemApiControllerTest" classname="App.Tests.Controller.LearningItemApiControllerTest" file="/Users/dannipham/dbwebb-kurser/mvc/me/report/tests/Controller/LearningItemApiControllerTest.php" line="124" assertions="7" time="0.018584"/>
        <testcase name="testApiCreateItemWithFormData" class="App\Tests\Controller\LearningItemApiControllerTest" classname="App.Tests.Controller.LearningItemApiControllerTest" file="/Users/dannipham/dbwebb-kurser/mvc/me/report/tests/Controller/LearningItemApiControllerTest.php" line="162" assertions="5" time="0.039410"/>
        <testcase name="testApiByStatus" class="App\Tests\Controller\LearningItemApiControllerTest" classname="App.Tests.Controller.LearningItemApiControllerTest" file="/Users/dannipham/dbwebb-kurser/mvc/me/report/tests/Controller/LearningItemApiControllerTest.php" line="190" assertions="5" time="0.022925"/>
        <testcase name="testApiStats" class="App\Tests\Controller\LearningItemApiControllerTest" classname="App.Tests.Controller.LearningItemApiControllerTest" file="/Users/dannipham/dbwebb-kurser/mvc/me/report/tests/Controller/LearningItemApiControllerTest.php" line="218" assertions="5" time="0.024889"/>
        <testcase name="testApiCreateWithCategory" class="App\Tests\Controller\LearningItemApiControllerTest" classname="App.Tests.Controller.LearningItemApiControllerTest" file="/Users/dannipham/dbwebb-kurser/mvc/me/report/tests/Controller/LearningItemApiControllerTest.php" line="247" assertions="4" time="0.025827"/>
      </testsuite>
      <testsuite name="App\Tests\Controller\LearningItemControllerTest" file="/Users/dannipham/dbwebb-kurser/mvc/me/report/tests/Controller/LearningItemControllerTest.php" tests="5" assertions="32" errors="0" warnings="0" failures="0" skipped="0" time="0.725065">
        <testcase name="testIndexPage" class="App\Tests\Controller\LearningItemControllerTest" classname="App.Tests.Controller.LearningItemControllerTest" file="/Users/dannipham/dbwebb-kurser/mvc/me/report/tests/Controller/LearningItemControllerTest.php" line="32" assertions="3" time="0.037316"/>
        <testcase name="testCreateItem" class="App\Tests\Controller\LearningItemControllerTest" classname="App.Tests.Controller.LearningItemControllerTest" file="/Users/dannipham/dbwebb-kurser/mvc/me/report/tests/Controller/LearningItemControllerTest.php" line="39" assertions="10" time="0.467380"/>
        <testcase name="testShowItem" class="App\Tests\Controller\LearningItemControllerTest" classname="App.Tests.Controller.LearningItemControllerTest" file="/Users/dannipham/dbwebb-kurser/mvc/me/report/tests/Controller/LearningItemControllerTest.php" line="67" assertions="5" time="0.027156"/>
        <testcase name="testEditItem" class="App\Tests\Controller\LearningItemControllerTest" classname="App.Tests.Controller.LearningItemControllerTest" file="/Users/dannipham/dbwebb-kurser/mvc/me/report/tests/Controller/LearningItemControllerTest.php" line="85" assertions="8" time="0.120830"/>
        <testcase name="testDeleteItem" class="App\Tests\Controller\LearningItemControllerTest" classname="App.Tests.Controller.LearningItemControllerTest" file="/Users/dannipham/dbwebb-kurser/mvc/me/report/tests/Controller/LearningItemControllerTest.php" line="110" assertions="6" time="0.072383"/>
      </testsuite>
      <testsuite name="App\Tests\Controller\LibraryControllerTest" file="/Users/dannipham/dbwebb-kurser/mvc/me/report/tests/Controller/LibraryControllerTest.php" tests="6" assertions="31" errors="0" warnings="0" failures="0" skipped="0" time="0.531891">
        <testcase name="testIndexLoads" class="App\Tests\Controller\LibraryControllerTest" classname="App.Tests.Controller.LibraryControllerTest" file="/Users/dannipham/dbwebb-kurser/mvc/me/report/tests/Controller/LibraryControllerTest.php" line="17" assertions="5" time="0.027144"/>
        <testcase name="testShowAllLoads" class="App\Tests\Controller\LibraryControllerTest" classname="App.Tests.Controller.LibraryControllerTest" file="/Users/dannipham/dbwebb-kurser/mvc/me/report/tests/Controller/LibraryControllerTest.php" line="26" assertions="4" time="0.055483"/>
        <testcase name="testCreateBookForm" class="App\Tests\Controller\LibraryControllerTest" classname="App.Tests.Controller.LibraryControllerTest" file="/Users/dannipham/dbwebb-kurser/mvc/me/report/tests/Controller/LibraryControllerTest.php" line="35" assertions="3" time="0.050874"/>
        <testcase name="testUpdateBookForm" class="App\Tests\Controller\LibraryControllerTest" classname="App.Tests.Controller.LibraryControllerTest" file="/Users/dannipham/dbwebb-kurser/mvc/me/report/tests/Controller/LibraryControllerTest.php" line="43" assertions="3" time="0.102489"/>
        <testcase name="testShowBookDetails" class="App\Tests\Controller\LibraryControllerTest" classname="App.Tests.Controller.LibraryControllerTest" file="/Users/dannipham/dbwebb-kurser/mvc/me/report/tests/Controller/LibraryControllerTest.php" line="57" assertions="8" time="0.094061"/>
        <testcase name="testCreateAndDeleteBook" class="App\Tests\Controller\LibraryControllerTest" classname="App.Tests.Controller.LibraryControllerTest" file="/Users/dannipham/dbwebb-kurser/mvc/me/report/tests/Controller/LibraryControllerTest.php" line="74" assertions="8" time="0.201839"/>
      </testsuite>
      <testsuite name="App\Tests\Controller\MeControllerTest" file="/Users/dannipham/dbwebb-kurser/mvc/me/report/tests/Controller/MeControllerTest.php" tests="4" assertions="26" errors="0" warnings="0" failures="0" skipped="0" time="0.206454">
        <testcase name="testHomePage" class="App\Tests\Controller\MeControllerTest" classname="App.Tests.Controller.MeControllerTest" file="/Users/dannipham/dbwebb-kurser/mvc/me/report/tests/Controller/MeControllerTest.php" line="9" assertions="6" time="0.025014"/>
        <testcase name="testAboutPage" class="App\Tests\Controller\MeControllerTest" classname="App.Tests.Controller.MeControllerTest" file="/Users/dannipham/dbwebb-kurser/mvc/me/report/tests/Controller/MeControllerTest.php" line="20" assertions="6" time="0.023622"/>
        <testcase name="testReportPage" class="App\Tests\Controller\MeControllerTest" classname="App.Tests.Controller.MeControllerTest" file="/Users/dannipham/dbwebb-kurser/mvc/me/report/tests/Controller/MeControllerTest.php" line="32" assertions="6" time="0.133608"/>
        <testcase name="testLuckyPage" class="App\Tests\Controller\MeControllerTest" classname="App.Tests.Controller.MeControllerTest" file="/Users/dannipham/dbwebb-kurser/mvc/me/report/tests/Controller/MeControllerTest.php" line="44" assertions="8" time="0.024209"/>
      </testsuite>
      <testsuite name="App\Tests\Controller\MetricsControllerTest" file="/Users/dannipham/dbwebb-kurser/mvc/me/report/tests/Controller/MetricsControllerTest.php" tests="1" assertions="16" errors="0" warnings="0" failures="0" skipped="0" time="0.030904">
        <testcase name="testMetricsIndex" class="App\Tests\Controller\MetricsControllerTest" classname="App.Tests.Controller.MetricsControllerTest" file="/Users/dannipham/dbwebb-kurser/mvc/me/report/tests/Controller/MetricsControllerTest.php" line="9" assertions="16" time="0.030904"/>
      </testsuite>
      <testsuite name="App\Tests\Controller\ProjectControllerTest" file="/Users/dannipham/dbwebb-kurser/mvc/me/report/tests/Controller/ProjectControllerTest.php" tests="2" assertions="17" errors="0" warnings="0" failures="0" skipped="0" time="0.043120">
        <testcase name="testProjectHomePage" class="App\Tests\Controller\ProjectControllerTest" classname="App.Tests.Controller.ProjectControllerTest" file="/Users/dannipham/dbwebb-kurser/mvc/me/report/tests/Controller/ProjectControllerTest.php" line="9" assertions="8" time="0.023723"/>
        <testcase name="testProjectAboutPage" class="App\Tests\Controller\ProjectControllerTest" classname="App.Tests.Controller.ProjectControllerTest" file="/Users/dannipham/dbwebb-kurser/mvc/me/report/tests/Controller/ProjectControllerTest.php" line="23" assertions="9" time="0.019397"/>
      </testsuite>
      <testsuite name="App\Tests\Entity\CategoryTest" file="/Users/dannipham/dbwebb-kurser/mvc/me/report/tests/Entity/CategoryTest.php" tests="7" assertions="8" errors="0" warnings="0" failures="0" skipped="0" time="0.003293">
        <testcase name="testCategoryIdIsNullByDefault" class="App\Tests\Entity\CategoryTest" classname="App.Tests.Entity.CategoryTest" file="/Users/dannipham/dbwebb-kurser/mvc/me/report/tests/Entity/CategoryTest.php" line="10" assertions="1" time="0.000373"/>
        <testcase name="testSetAndGetName" class="App\Tests\Entity\CategoryTest" classname="App.Tests.Entity.CategoryTest" file="/Users/dannipham/dbwebb-kurser/mvc/me/report/tests/Entity/CategoryTest.php" line="16" assertions="1" time="0.000358"/>
        <testcase name="testSetNameReturnsSelfForFluentInterface" class="App\Tests\Entity\CategoryTest" classname="App.Tests.Entity.CategoryTest" file="/Users/dannipham/dbwebb-kurser/mvc/me/report/tests/Entity/CategoryTest.php" line="26" assertions="1" time="0.000343"/>
        <testcase name="testNameIsRequiredAndString" class="App\Tests\Entity\CategoryTest" classname="App.Tests.Entity.CategoryTest" file="/Users/dannipham/dbwebb-kurser/mvc/me/report/tests/Entity/CategoryTest.php" line="34" assertions="1" time="0.000388"/>
        <testcase name="testCategoryCanBeInstantiated" class="App\Tests\Entity\CategoryTest" classname="App.Tests.Entity.CategoryTest" file="/Users/dannipham/dbwebb-kurser/mvc/me/report/tests/Entity/CategoryTest.php" line="44" assertions="1" time="0.000978"/>
        <testcase name="testNameLengthConstraintIsRespected" class="App\Tests\Entity\CategoryTest" classname="App.Tests.Entity.CategoryTest" file="/Users/dannipham/dbwebb-kurser/mvc/me/report/tests/Entity/CategoryTest.php" line="50" assertions="2" time="0.000492"/>
        <testcase name="testToStringBehavior" class="App\Tests\Entity\CategoryTest" classname="App.Tests.Entity.CategoryTest" file="/Users/dannipham/dbwebb-kurser/mvc/me/report/tests/Entity/CategoryTest.php" line="65" assertions="1" time="0.000361"/>
      </testsuite>
      <testsuite name="App\Tests\Entity\LearningItemTest" file="/Users/dannipham/dbwebb-kurser/mvc/me/report/tests/Entity/LearningItemTest.php" tests="15" assertions="22" errors="0" warnings="0" failures="0" skipped="0" time="0.005798">
        <testcase name="testIdIsNullByDefault" class="App\Tests\Entity\LearningItemTest" classname="App.Tests.Entity.LearningItemTest" file="/Users/dannipham/dbwebb-kurser/mvc/me/report/tests/Entity/LearningItemTest.php" line="19" assertions="1" time="0.000366"/>
        <testcase name="testTitleCanBeSetAndRetrieved" class="App\Tests\Entity\LearningItemTest" classname="App.Tests.Entity.LearningItemTest" file="/Users/dannipham/dbwebb-kurser/mvc/me/report/tests/Entity/LearningItemTest.php" line="24" assertions="1" time="0.000351"/>
        <testcase name="testTitleCanBeNull" class="App\Tests\Entity\LearningItemTest" classname="App.Tests.Entity.LearningItemTest" file="/Users/dannipham/dbwebb-kurser/mvc/me/report/tests/Entity/LearningItemTest.php" line="31" assertions="1" time="0.000351"/>
        <testcase name="testDescriptionCanBeSetAndRetrieved" class="App\Tests\Entity\LearningItemTest" classname="App.Tests.Entity.LearningItemTest" file="/Users/dannipham/dbwebb-kurser/mvc/me/report/tests/Entity/LearningItemTest.php" line="37" assertions="1" time="0.000349"/>
        <testcase name="testDescriptionCanBeNull" class="App\Tests\Entity\LearningItemTest" classname="App.Tests.Entity.LearningItemTest" file="/Users/dannipham/dbwebb-kurser/mvc/me/report/tests/Entity/LearningItemTest.php" line="44" assertions="1" time="0.000346"/>
        <testcase name="testUrlCanBeSetAndRetrieved" class="App\Tests\Entity\LearningItemTest" classname="App.Tests.Entity.LearningItemTest" file="/Users/dannipham/dbwebb-kurser/mvc/me/report/tests/Entity/LearningItemTest.php" line="50" assertions="1" time="0.000349"/>
        <testcase name="testUrlCanBeNull" class="App\Tests\Entity\LearningItemTest" classname="App.Tests.Entity.LearningItemTest" file="/Users/dannipham/dbwebb-kurser/mvc/me/report/tests/Entity/LearningItemTest.php" line="57" assertions="1" time="0.000348"/>
        <testcase name="testStatusDefaultsToLearning" class="App\Tests\Entity\LearningItemTest" classname="App.Tests.Entity.LearningItemTest" file="/Users/dannipham/dbwebb-kurser/mvc/me/report/tests/Entity/LearningItemTest.php" line="63" assertions="1" time="0.000344"/>
        <testcase name="testStatusCanBeChanged" class="App\Tests\Entity\LearningItemTest" classname="App.Tests.Entity.LearningItemTest" file="/Users/dannipham/dbwebb-kurser/mvc/me/report/tests/Entity/LearningItemTest.php" line="68" assertions="2" time="0.000357"/>
        <testcase name="testCreatedAtIsSetInConstructor" class="App\Tests\Entity\LearningItemTest" classname="App.Tests.Entity.LearningItemTest" file="/Users/dannipham/dbwebb-kurser/mvc/me/report/tests/Entity/LearningItemTest.php" line="77" assertions="3" time="0.000376"/>
        <testcase name="testSetCreatedAt" class="App\Tests\Entity\LearningItemTest" classname="App.Tests.Entity.LearningItemTest" file="/Users/dannipham/dbwebb-kurser/mvc/me/report/tests/Entity/LearningItemTest.php" line="88" assertions="1" time="0.000698"/>
        <testcase name="testCategoryCanBeSetAndRetrieved" class="App\Tests\Entity\LearningItemTest" classname="App.Tests.Entity.LearningItemTest" file="/Users/dannipham/dbwebb-kurser/mvc/me/report/tests/Entity/LearningItemTest.php" line="95" assertions="2" time="0.000434"/>
        <testcase name="testCategoryCanBeNull" class="App\Tests\Entity\LearningItemTest" classname="App.Tests.Entity.LearningItemTest" file="/Users/dannipham/dbwebb-kurser/mvc/me/report/tests/Entity/LearningItemTest.php" line="106" assertions="1" time="0.000378"/>
        <testcase name="testFluentInterface" class="App\Tests\Entity\LearningItemTest" classname="App.Tests.Entity.LearningItemTest" file="/Users/dannipham/dbwebb-kurser/mvc/me/report/tests/Entity/LearningItemTest.php" line="112" assertions="4" time="0.000405"/>
        <testcase name="testInstanceOfLearningItem" class="App\Tests\Entity\LearningItemTest" classname="App.Tests.Entity.LearningItemTest" file="/Users/dannipham/dbwebb-kurser/mvc/me/report/tests/Entity/LearningItemTest.php" line="131" assertions="1" time="0.000348"/>
      </testsuite>
      <testsuite name="App\Tests\Form\BookTypeTest" file="/Users/dannipham/dbwebb-kurser/mvc/me/report/tests/Form/BookTypeTest.php" tests="1" assertions="5" errors="0" warnings="0" failures="0" skipped="0" time="0.051906">
        <testcase name="testBuildForm" class="App\Tests\Form\BookTypeTest" classname="App.Tests.Form.BookTypeTest" file="/Users/dannipham/dbwebb-kurser/mvc/me/report/tests/Form/BookTypeTest.php" line="11" assertions="5" time="0.051906"/>
      </testsuite>
      <testsuite name="App\Tests\Repository\BookRepositoryTest" file="/Users/dannipham/dbwebb-kurser/mvc/me/report/tests/Library/BookRepositoryTest.php" tests="1" assertions="1" errors="0" warnings="0" failures="0" skipped="0" time="0.001573">
        <testcase name="testRepositoryInstantiation" class="App\Tests\Repository\BookRepositoryTest" classname="App.Tests.Repository.BookRepositoryTest" file="/Users/dannipham/dbwebb-kurser/mvc/me/report/tests/Library/BookRepositoryTest.php" line="26" assertions="1" time="0.001573"/>
      </testsuite>
      <testsuite name="App\Tests\Entity\BookTest" file="/Users/dannipham/dbwebb-kurser/mvc/me/report/tests/Library/BookTest.php" tests="6" assertions="7" errors="0" warnings="0" failures="0" skipped="0" time="0.002210">
        <testcase name="testCreateBook" class="App\Tests\Entity\BookTest" classname="App.Tests.Entity.BookTest" file="/Users/dannipham/dbwebb-kurser/mvc/me/report/tests/Library/BookTest.php" line="13" assertions="1" time="0.000393"/>
        <testcase name="testTitle" class="App\Tests\Entity\BookTest" classname="App.Tests.Entity.BookTest" file="/Users/dannipham/dbwebb-kurser/mvc/me/report/tests/Library/BookTest.php" line="22" assertions="1" time="0.000391"/>
        <testcase name="testIsbn" class="App\Tests\Entity\BookTest" classname="App.Tests.Entity.BookTest" file="/Users/dannipham/dbwebb-kurser/mvc/me/report/tests/Library/BookTest.php" line="32" assertions="1" time="0.000352"/>
        <testcase name="testAuthor" class="App\Tests\Entity\BookTest" classname="App.Tests.Entity.BookTest" file="/Users/dannipham/dbwebb-kurser/mvc/me/report/tests/Library/BookTest.php" line="42" assertions="1" time="0.000349"/>
        <testcase name="testImage" class="App\Tests\Entity\BookTest" classname="App.Tests.Entity.BookTest" file="/Users/dannipham/dbwebb-kurser/mvc/me/report/tests/Library/BookTest.php" line="52" assertions="2" time="0.000362"/>
        <testcase name="testId" class="App\Tests\Entity\BookTest" classname="App.Tests.Entity.BookTest" file="/Users/dannipham/dbwebb-kurser/mvc/me/report/tests/Library/BookTest.php" line="65" assertions="1" time="0.000362"/>
      </testsuite>
    </testsuite>
  </testsuite>
</testsuites>
