<?xml version="1.0" encoding="UTF-8"?>
<testsuites>
  <testsuite name="" tests="44" assertions="106" errors="0" warnings="0" failures="0" skipped="0" time="6.173421">
    <testsuite name="Project Test Suite" tests="44" assertions="106" errors="0" warnings="0" failures="0" skipped="0" time="6.173421">
      <testsuite name="App\Tests\Card\CardGraphicTest" file="/Users/dannipham/dbwebb-kurser/mvc/me/report/tests/Card/CardGraphicTest.php" tests="2" assertions="4" errors="0" warnings="0" failures="0" skipped="0" time="0.010686">
        <testcase name="testGetSvgUrl" class="App\Tests\Card\CardGraphicTest" classname="App.Tests.Card.CardGraphicTest" file="/Users/dannipham/dbwebb-kurser/mvc/me/report/tests/Card/CardGraphicTest.php" line="16" assertions="2" time="0.010098"/>
        <testcase name="testGetAsString" class="App\Tests\Card\CardGraphicTest" classname="App.Tests.Card.CardGraphicTest" file="/Users/dannipham/dbwebb-kurser/mvc/me/report/tests/Card/CardGraphicTest.php" line="28" assertions="2" time="0.000588"/>
      </testsuite>
      <testsuite name="App\Tests\Card\CardHandTest" file="/Users/dannipham/dbwebb-kurser/mvc/me/report/tests/Card/CardHandTest.php" tests="4" assertions="6" errors="0" warnings="0" failures="0" skipped="0" time="0.004743">
        <testcase name="testAddCardAndGetCards" class="App\Tests\Card\CardHandTest" classname="App.Tests.Card.CardHandTest" file="/Users/dannipham/dbwebb-kurser/mvc/me/report/tests/Card/CardHandTest.php" line="17" assertions="2" time="0.003054"/>
        <testcase name="testToArray" class="App\Tests\Card\CardHandTest" classname="App.Tests.Card.CardHandTest" file="/Users/dannipham/dbwebb-kurser/mvc/me/report/tests/Card/CardHandTest.php" line="29" assertions="1" time="0.000438"/>
        <testcase name="testFromArray" class="App\Tests\Card\CardHandTest" classname="App.Tests.Card.CardHandTest" file="/Users/dannipham/dbwebb-kurser/mvc/me/report/tests/Card/CardHandTest.php" line="41" assertions="2" time="0.000369"/>
        <testcase name="testEmptyHand" class="App\Tests\Card\CardHandTest" classname="App.Tests.Card.CardHandTest" file="/Users/dannipham/dbwebb-kurser/mvc/me/report/tests/Card/CardHandTest.php" line="52" assertions="1" time="0.000882"/>
      </testsuite>
      <testsuite name="App\Tests\Card\CardTest" file="/Users/dannipham/dbwebb-kurser/mvc/me/report/tests/Card/CardTest.php" tests="3" assertions="6" errors="0" warnings="0" failures="0" skipped="0" time="0.001535">
        <testcase name="testConstructAndGetters" class="App\Tests\Card\CardTest" classname="App.Tests.Card.CardTest" file="/Users/dannipham/dbwebb-kurser/mvc/me/report/tests/Card/CardTest.php" line="16" assertions="3" time="0.000580"/>
        <testcase name="testToArray" class="App\Tests\Card\CardTest" classname="App.Tests.Card.CardTest" file="/Users/dannipham/dbwebb-kurser/mvc/me/report/tests/Card/CardTest.php" line="27" assertions="1" time="0.000497"/>
        <testcase name="testFromArray" class="App\Tests\Card\CardTest" classname="App.Tests.Card.CardTest" file="/Users/dannipham/dbwebb-kurser/mvc/me/report/tests/Card/CardTest.php" line="37" assertions="2" time="0.000457"/>
      </testsuite>
      <testsuite name="App\Tests\Card\DeckOfCardsTest" file="/Users/dannipham/dbwebb-kurser/mvc/me/report/tests/Card/DeckOfCardsTest.php" tests="7" assertions="11" errors="0" warnings="0" failures="0" skipped="0" time="0.030445">
        <testcase name="testConstruct" class="App\Tests\Card\DeckOfCardsTest" classname="App.Tests.Card.DeckOfCardsTest" file="/Users/dannipham/dbwebb-kurser/mvc/me/report/tests/Card/DeckOfCardsTest.php" line="16" assertions="1" time="0.004093"/>
        <testcase name="testDraw" class="App\Tests\Card\DeckOfCardsTest" classname="App.Tests.Card.DeckOfCardsTest" file="/Users/dannipham/dbwebb-kurser/mvc/me/report/tests/Card/DeckOfCardsTest.php" line="25" assertions="2" time="0.001066"/>
        <testcase name="testDrawTooManyCards" class="App\Tests\Card\DeckOfCardsTest" classname="App.Tests.Card.DeckOfCardsTest" file="/Users/dannipham/dbwebb-kurser/mvc/me/report/tests/Card/DeckOfCardsTest.php" line="36" assertions="1" time="0.001769"/>
        <testcase name="testShuffle" class="App\Tests\Card\DeckOfCardsTest" classname="App.Tests.Card.DeckOfCardsTest" file="/Users/dannipham/dbwebb-kurser/mvc/me/report/tests/Card/DeckOfCardsTest.php" line="46" assertions="2" time="0.017528"/>
        <testcase name="testGetSortedCards" class="App\Tests\Card\DeckOfCardsTest" classname="App.Tests.Card.DeckOfCardsTest" file="/Users/dannipham/dbwebb-kurser/mvc/me/report/tests/Card/DeckOfCardsTest.php" line="59" assertions="2" time="0.004021"/>
        <testcase name="testToArrayAndFromArray" class="App\Tests\Card\DeckOfCardsTest" classname="App.Tests.Card.DeckOfCardsTest" file="/Users/dannipham/dbwebb-kurser/mvc/me/report/tests/Card/DeckOfCardsTest.php" line="71" assertions="1" time="0.001103"/>
        <testcase name="testGetCardCount" class="App\Tests\Card\DeckOfCardsTest" classname="App.Tests.Card.DeckOfCardsTest" file="/Users/dannipham/dbwebb-kurser/mvc/me/report/tests/Card/DeckOfCardsTest.php" line="82" assertions="2" time="0.000866"/>
      </testsuite>
      <testsuite name="App\Tests\Card\Game21Test" file="/Users/dannipham/dbwebb-kurser/mvc/me/report/tests/Card/Game21Test.php" tests="7" assertions="22" errors="0" warnings="0" failures="0" skipped="0" time="0.014638">
        <testcase name="testConstruct" class="App\Tests\Card\Game21Test" classname="App.Tests.Card.Game21Test" file="/Users/dannipham/dbwebb-kurser/mvc/me/report/tests/Card/Game21Test.php" line="11" assertions="7" time="0.007742"/>
        <testcase name="testDealInitialCard" class="App\Tests\Card\Game21Test" classname="App.Tests.Card.Game21Test" file="/Users/dannipham/dbwebb-kurser/mvc/me/report/tests/Card/Game21Test.php" line="23" assertions="2" time="0.001056"/>
        <testcase name="testPlaceBet" class="App\Tests\Card\Game21Test" classname="App.Tests.Card.Game21Test" file="/Users/dannipham/dbwebb-kurser/mvc/me/report/tests/Card/Game21Test.php" line="31" assertions="5" time="0.000906"/>
        <testcase name="testPlaceBetInvalid" class="App\Tests\Card\Game21Test" classname="App.Tests.Card.Game21Test" file="/Users/dannipham/dbwebb-kurser/mvc/me/report/tests/Card/Game21Test.php" line="42" assertions="1" time="0.000769"/>
        <testcase name="testPlayerDrawBust" class="App\Tests\Card\Game21Test" classname="App.Tests.Card.Game21Test" file="/Users/dannipham/dbwebb-kurser/mvc/me/report/tests/Card/Game21Test.php" line="49" assertions="2" time="0.001100"/>
        <testcase name="testPlayerDrawTo21" class="App\Tests\Card\Game21Test" classname="App.Tests.Card.Game21Test" file="/Users/dannipham/dbwebb-kurser/mvc/me/report/tests/Card/Game21Test.php" line="67" assertions="1" time="0.001049"/>
        <testcase name="testPlayerStandAndBankPlay" class="App\Tests\Card\Game21Test" classname="App.Tests.Card.Game21Test" file="/Users/dannipham/dbwebb-kurser/mvc/me/report/tests/Card/Game21Test.php" line="85" assertions="4" time="0.002016"/>
      </testsuite>
      <testsuite name="App\Tests\Card\PlayerTest" file="/Users/dannipham/dbwebb-kurser/mvc/me/report/tests/Card/PlayerTest.php" tests="7" assertions="13" errors="0" warnings="0" failures="0" skipped="0" time="0.003632">
        <testcase name="testConstructAndGetters" class="App\Tests\Card\PlayerTest" classname="App.Tests.Card.PlayerTest" file="/Users/dannipham/dbwebb-kurser/mvc/me/report/tests/Card/PlayerTest.php" line="18" assertions="4" time="0.000919"/>
        <testcase name="testAddCardAndScore" class="App\Tests\Card\PlayerTest" classname="App.Tests.Card.PlayerTest" file="/Users/dannipham/dbwebb-kurser/mvc/me/report/tests/Card/PlayerTest.php" line="30" assertions="1" time="0.000392"/>
        <testcase name="testScoreWithMultipleAces" class="App\Tests\Card\PlayerTest" classname="App.Tests.Card.PlayerTest" file="/Users/dannipham/dbwebb-kurser/mvc/me/report/tests/Card/PlayerTest.php" line="50" assertions="1" time="0.000390"/>
        <testcase name="testStand" class="App\Tests\Card\PlayerTest" classname="App.Tests.Card.PlayerTest" file="/Users/dannipham/dbwebb-kurser/mvc/me/report/tests/Card/PlayerTest.php" line="69" assertions="1" time="0.000790"/>
        <testcase name="testMoneyOperations" class="App\Tests\Card\PlayerTest" classname="App.Tests.Card.PlayerTest" file="/Users/dannipham/dbwebb-kurser/mvc/me/report/tests/Card/PlayerTest.php" line="79" assertions="2" time="0.000356"/>
        <testcase name="testDeductMoneyException" class="App\Tests\Card\PlayerTest" classname="App.Tests.Card.PlayerTest" file="/Users/dannipham/dbwebb-kurser/mvc/me/report/tests/Card/PlayerTest.php" line="91" assertions="1" time="0.000370"/>
        <testcase name="testToArrayAndFromArray" class="App\Tests\Card\PlayerTest" classname="App.Tests.Card.PlayerTest" file="/Users/dannipham/dbwebb-kurser/mvc/me/report/tests/Card/PlayerTest.php" line="101" assertions="3" time="0.000415"/>
      </testsuite>
      <testsuite name="App\Tests\Controller\LibraryControllerTest" file="/Users/dannipham/dbwebb-kurser/mvc/me/report/tests/Controller/LibraryControllerTest.php" tests="6" assertions="34" errors="0" warnings="0" failures="0" skipped="0" time="6.091768">
        <testcase name="testLibraryIndex" class="App\Tests\Controller\LibraryControllerTest" classname="App.Tests.Controller.LibraryControllerTest" file="/Users/dannipham/dbwebb-kurser/mvc/me/report/tests/Controller/LibraryControllerTest.php" line="19" assertions="3" time="4.840173"/>
        <testcase name="testCreateBook" class="App\Tests\Controller\LibraryControllerTest" classname="App.Tests.Controller.LibraryControllerTest" file="/Users/dannipham/dbwebb-kurser/mvc/me/report/tests/Controller/LibraryControllerTest.php" line="27" assertions="9" time="0.556398"/>
        <testcase name="testShowAllBooks" class="App\Tests\Controller\LibraryControllerTest" classname="App.Tests.Controller.LibraryControllerTest" file="/Users/dannipham/dbwebb-kurser/mvc/me/report/tests/Controller/LibraryControllerTest.php" line="52" assertions="5" time="0.157891"/>
        <testcase name="testUpdateBook" class="App\Tests\Controller\LibraryControllerTest" classname="App.Tests.Controller.LibraryControllerTest" file="/Users/dannipham/dbwebb-kurser/mvc/me/report/tests/Controller/LibraryControllerTest.php" line="63" assertions="7" time="0.260946"/>
        <testcase name="testDeleteBook" class="App\Tests\Controller\LibraryControllerTest" classname="App.Tests.Controller.LibraryControllerTest" file="/Users/dannipham/dbwebb-kurser/mvc/me/report/tests/Controller/LibraryControllerTest.php" line="89" assertions="4" time="0.193530"/>
        <testcase name="testResetDatabase" class="App\Tests\Controller\LibraryControllerTest" classname="App.Tests.Controller.LibraryControllerTest" file="/Users/dannipham/dbwebb-kurser/mvc/me/report/tests/Controller/LibraryControllerTest.php" line="104" assertions="6" time="0.082830"/>
      </testsuite>
      <testsuite name="App\Dice\DiceTest" file="/Users/dannipham/dbwebb-kurser/mvc/me/report/tests/Dice/DiceTest.php" tests="1" assertions="2" errors="0" warnings="0" failures="0" skipped="0" time="0.001074">
        <testcase name="testCreateDice" class="App\Dice\DiceTest" classname="App.Dice.DiceTest" file="/Users/dannipham/dbwebb-kurser/mvc/me/report/tests/Dice/DiceTest.php" line="16" assertions="2" time="0.001074"/>
      </testsuite>
      <testsuite name="App\Tests\Repository\BookRepositoryTest" file="/Users/dannipham/dbwebb-kurser/mvc/me/report/tests/Library/BookRepositoryTest.php" tests="1" assertions="1" errors="0" warnings="0" failures="0" skipped="0" time="0.012649">
        <testcase name="testRepositoryInstantiation" class="App\Tests\Repository\BookRepositoryTest" classname="App.Tests.Repository.BookRepositoryTest" file="/Users/dannipham/dbwebb-kurser/mvc/me/report/tests/Library/BookRepositoryTest.php" line="26" assertions="1" time="0.012649"/>
      </testsuite>
      <testsuite name="App\Tests\Entity\BookTest" file="/Users/dannipham/dbwebb-kurser/mvc/me/report/tests/Library/BookTest.php" tests="6" assertions="7" errors="0" warnings="0" failures="0" skipped="0" time="0.002251">
        <testcase name="testCreateBook" class="App\Tests\Entity\BookTest" classname="App.Tests.Entity.BookTest" file="/Users/dannipham/dbwebb-kurser/mvc/me/report/tests/Library/BookTest.php" line="13" assertions="1" time="0.000368"/>
        <testcase name="testTitle" class="App\Tests\Entity\BookTest" classname="App.Tests.Entity.BookTest" file="/Users/dannipham/dbwebb-kurser/mvc/me/report/tests/Library/BookTest.php" line="22" assertions="1" time="0.000358"/>
        <testcase name="testIsbn" class="App\Tests\Entity\BookTest" classname="App.Tests.Entity.BookTest" file="/Users/dannipham/dbwebb-kurser/mvc/me/report/tests/Library/BookTest.php" line="32" assertions="1" time="0.000357"/>
        <testcase name="testAuthor" class="App\Tests\Entity\BookTest" classname="App.Tests.Entity.BookTest" file="/Users/dannipham/dbwebb-kurser/mvc/me/report/tests/Library/BookTest.php" line="42" assertions="1" time="0.000407"/>
        <testcase name="testImage" class="App\Tests\Entity\BookTest" classname="App.Tests.Entity.BookTest" file="/Users/dannipham/dbwebb-kurser/mvc/me/report/tests/Library/BookTest.php" line="52" assertions="2" time="0.000396"/>
        <testcase name="testId" class="App\Tests\Entity\BookTest" classname="App.Tests.Entity.BookTest" file="/Users/dannipham/dbwebb-kurser/mvc/me/report/tests/Library/BookTest.php" line="65" assertions="1" time="0.000365"/>
      </testsuite>
    </testsuite>
  </testsuite>
</testsuites>
